000.000 =============================================================
000.000                     Station B                               
000.000 -------------------------------------------------------------
000.000 Protocol.lib, version 4.0, jiangyanjun0718@bupt.edu.cn
000.000 Channel: 8000 bps, 270 ms propagation delay, bit error rate 1.0E-05
000.000 Log file "datalink-B.log", TCP port 59144, debug mask 0x00
000.000 Station B is connecting station A (TCP port 59144) ... Done.
000.257 New epoch: Sat May 21 00:06:31 2022
000.258 =================================================================
000.258 
000.258 Designed by Chen Yu, build: May 20 2022  17:46:38
002.667 .... 8 packets received, 7642 bps, 95.52%, Err 0 (0.0e+00)
004.790 .... 16 packets received, 7679 bps, 95.99%, Err 0 (0.0e+00)
006.885 .... 23 packets received, 7404 bps, 92.55%, Err 1 (1.9e-05)
009.012 .... 31 packets received, 7479 bps, 93.49%, Err 1 (1.4e-05)
011.106 .... 39 packets received, 7547 bps, 94.34%, Err 1 (1.2e-05)
013.246 .... 47 packets received, 7566 bps, 94.57%, Err 1 (9.6e-06)
015.341 .... 55 packets received, 7602 bps, 95.02%, Err 1 (8.3e-06)
018.767 .... 63 packets received, 7072 bps, 88.40%, Err 2 (1.4e-05)
020.887 .... 75 packets received, 7543 bps, 94.28%, Err 2 (1.2e-05)
022.987 .... 83 packets received, 7567 bps, 94.59%, Err 2 (1.1e-05)
026.432 .... 91 packets received, 7193 bps, 89.91%, Err 3 (1.4e-05)
028.559 .... 103 packets received, 7524 bps, 94.05%, Err 3 (1.3e-05)
030.657 .... 111 packets received, 7544 bps, 94.30%, Err 3 (1.2e-05)
032.751 .... 119 packets received, 7562 bps, 94.53%, Err 3 (1.2e-05)
034.912 .... 126 packets received, 7504 bps, 93.80%, Err 3 (1.1e-05)
037.022 .... 134 packets received, 7519 bps, 93.99%, Err 3 (1.0e-05)
040.210 .... 141 packets received, 7276 bps, 90.95%, Err 4 (1.3e-05)
042.306 .... 153 packets received, 7499 bps, 93.74%, Err 4 (1.2e-05)
044.414 .... 161 packets received, 7512 bps, 93.91%, Err 4 (1.1e-05)
046.504 .... 169 packets received, 7527 bps, 94.09%, Err 4 (1.1e-05)
048.616 .... 177 packets received, 7537 bps, 94.22%, Err 5 (1.3e-05)
050.720 .... 185 packets received, 7548 bps, 94.35%, Err 5 (1.2e-05)
052.846 .... 193 packets received, 7554 bps, 94.43%, Err 5 (1.2e-05)
054.971 .... 201 packets received, 7560 bps, 94.50%, Err 5 (1.1e-05)
057.090 .... 209 packets received, 7567 bps, 94.59%, Err 5 (1.1e-05)
059.187 .... 217 packets received, 7576 bps, 94.70%, Err 5 (1.1e-05)
061.325 .... 225 packets received, 7579 bps, 94.73%, Err 5 (1.0e-05)
063.435 .... 233 packets received, 7585 bps, 94.81%, Err 6 (1.2e-05)
065.549 .... 241 packets received, 7590 bps, 94.88%, Err 7 (1.3e-05)
067.634 .... 248 packets received, 7568 bps, 94.60%, Err 7 (1.3e-05)
069.750 .... 256 packets received, 7573 bps, 94.67%, Err 7 (1.3e-05)
071.846 .... 264 packets received, 7581 bps, 94.76%, Err 7 (1.2e-05)
074.003 .... 272 packets received, 7581 bps, 94.76%, Err 7 (1.2e-05)
076.104 .... 280 packets received, 7587 bps, 94.84%, Err 7 (1.2e-05)
078.217 .... 288 packets received, 7592 bps, 94.90%, Err 7 (1.1e-05)
080.323 .... 296 packets received, 7597 bps, 94.96%, Err 7 (1.1e-05)
082.420 .... 304 packets received, 7602 bps, 95.03%, Err 7 (1.1e-05)
084.529 .... 307 packets received, 7484 bps, 93.56%, Err 8 (1.2e-05)
086.638 .... 319 packets received, 7587 bps, 94.83%, Err 8 (1.2e-05)
088.766 .... 327 packets received, 7589 bps, 94.87%, Err 8 (1.1e-05)
090.857 .... 335 packets received, 7595 bps, 94.94%, Err 8 (1.1e-05)
094.041 .... 342 packets received, 7490 bps, 93.62%, Err 10 (1.3e-05)
096.137 .... 353 packets received, 7561 bps, 94.51%, Err 10 (1.3e-05)
098.263 .... 361 packets received, 7564 bps, 94.55%, Err 10 (1.3e-05)
100.387 .... 369 packets received, 7567 bps, 94.59%, Err 10 (1.2e-05)
102.477 .... 373 packets received, 7493 bps, 93.66%, Err 11 (1.3e-05)
104.630 .... 384 packets received, 7554 bps, 94.43%, Err 11 (1.3e-05)
106.721 .... 392 packets received, 7560 bps, 94.50%, Err 11 (1.3e-05)
108.846 .... 400 packets received, 7563 bps, 94.53%, Err 11 (1.3e-05)
110.944 .... 408 packets received, 7567 bps, 94.59%, Err 11 (1.2e-05)
113.070 .... 416 packets received, 7570 bps, 94.62%, Err 11 (1.2e-05)
115.177 .... 424 packets received, 7574 bps, 94.67%, Err 11 (1.2e-05)
117.286 .... 432 packets received, 7577 bps, 94.71%, Err 11 (1.2e-05)
119.398 .... 440 packets received, 7580 bps, 94.75%, Err 11 (1.2e-05)
121.502 .... 448 packets received, 7584 bps, 94.80%, Err 11 (1.1e-05)
123.610 .... 456 packets received, 7587 bps, 94.84%, Err 11 (1.1e-05)
125.715 .... 464 packets received, 7591 bps, 94.88%, Err 11 (1.1e-05)
127.839 .... 472 packets received, 7593 bps, 94.91%, Err 11 (1.1e-05)
129.955 .... 480 packets received, 7595 bps, 94.94%, Err 11 (1.1e-05)
132.056 .... 488 packets received, 7598 bps, 94.98%, Err 11 (1.0e-05)
134.192 .... 496 packets received, 7599 bps, 94.99%, Err 11 (1.0e-05)
136.305 .... 504 packets received, 7602 bps, 95.02%, Err 11 (1.0e-05)
138.398 .... 512 packets received, 7605 bps, 95.07%, Err 11 (1.0e-05)
140.520 .... 520 packets received, 7607 bps, 95.09%, Err 11 (9.8e-06)
142.614 .... 528 packets received, 7610 bps, 95.13%, Err 11 (9.7e-06)
144.742 .... 536 packets received, 7612 bps, 95.14%, Err 11 (9.5e-06)
146.867 .... 544 packets received, 7613 bps, 95.16%, Err 11 (9.4e-06)
149.006 .... 552 packets received, 7614 bps, 95.17%, Err 11 (9.2e-06)
151.092 .... 560 packets received, 7617 bps, 95.21%, Err 11 (9.1e-06)
153.180 .... 568 packets received, 7620 bps, 95.25%, Err 11 (9.0e-06)
155.310 .... 576 packets received, 7621 bps, 95.26%, Err 11 (8.9e-06)
157.410 .... 584 packets received, 7624 bps, 95.29%, Err 11 (8.8e-06)
159.529 .... 591 packets received, 7612 bps, 95.15%, Err 12 (9.4e-06)
161.637 .... 599 packets received, 7614 bps, 95.18%, Err 13 (1.0e-05)
163.780 .... 607 packets received, 7615 bps, 95.18%, Err 13 (9.9e-06)
166.412 .... 613 packets received, 7568 bps, 94.60%, Err 14 (1.1e-05)
168.520 .... 624 packets received, 7607 bps, 95.09%, Err 14 (1.0e-05)
170.617 .... 632 packets received, 7610 bps, 95.12%, Err 14 (1.0e-05)
172.988 .... 636 packets received, 7552 bps, 94.41%, Err 15 (1.1e-05)
175.135 .... 648 packets received, 7600 bps, 95.00%, Err 15 (1.1e-05)
177.247 .... 656 packets received, 7602 bps, 95.03%, Err 15 (1.1e-05)
179.361 .... 664 packets received, 7604 bps, 95.05%, Err 15 (1.0e-05)
181.478 .... 672 packets received, 7606 bps, 95.07%, Err 15 (1.0e-05)
183.563 .... 680 packets received, 7608 bps, 95.10%, Err 15 (1.0e-05)
185.666 .... 688 packets received, 7610 bps, 95.13%, Err 15 (1.0e-05)
187.813 .... 696 packets received, 7611 bps, 95.13%, Err 15 (1.0e-05)
189.908 .... 704 packets received, 7613 bps, 95.16%, Err 15 (9.9e-06)
192.040 .... 712 packets received, 7614 bps, 95.17%, Err 16 (1.0e-05)
194.149 .... 720 packets received, 7616 bps, 95.19%, Err 16 (1.0e-05)
196.256 .... 728 packets received, 7617 bps, 95.22%, Err 16 (1.0e-05)
198.370 .... 736 packets received, 7619 bps, 95.23%, Err 17 (1.1e-05)
200.494 .... 743 packets received, 7609 bps, 95.12%, Err 17 (1.1e-05)
202.594 .... 751 packets received, 7611 bps, 95.14%, Err 17 (1.1e-05)
204.999 .... 756 packets received, 7572 bps, 94.65%, Err 18 (1.1e-05)
207.076 .... 767 packets received, 7605 bps, 95.06%, Err 18 (1.1e-05)
209.220 .... 775 packets received, 7605 bps, 95.07%, Err 18 (1.1e-05)
211.330 .... 783 packets received, 7607 bps, 95.09%, Err 18 (1.1e-05)
213.439 .... 791 packets received, 7608 bps, 95.11%, Err 18 (1.1e-05)
215.539 .... 799 packets received, 7610 bps, 95.13%, Err 18 (1.0e-05)
217.647 .... 807 packets received, 7612 bps, 95.15%, Err 18 (1.0e-05)
219.776 .... 815 packets received, 7613 bps, 95.16%, Err 18 (1.0e-05)
221.881 .... 823 packets received, 7614 bps, 95.18%, Err 18 (1.0e-05)
224.001 .... 831 packets received, 7615 bps, 95.19%, Err 18 (1.0e-05)
226.104 .... 839 packets received, 7617 bps, 95.21%, Err 18 (1.0e-05)
228.214 .... 847 packets received, 7618 bps, 95.23%, Err 18 (9.9e-06)
230.344 .... 851 packets received, 7584 bps, 94.79%, Err 19 (1.0e-05)
232.466 .... 862 packets received, 7611 bps, 95.14%, Err 19 (1.0e-05)
234.553 .... 870 packets received, 7613 bps, 95.17%, Err 19 (1.0e-05)
237.731 .... 877 packets received, 7572 bps, 94.65%, Err 20 (1.1e-05)
239.846 .... 889 packets received, 7608 bps, 95.09%, Err 20 (1.0e-05)
241.965 .... 897 packets received, 7609 bps, 95.11%, Err 20 (1.0e-05)
244.103 .... 905 packets received, 7609 bps, 95.11%, Err 20 (1.0e-05)
246.210 .... 913 packets received, 7611 bps, 95.13%, Err 20 (1.0e-05)
248.330 .... 921 packets received, 7612 bps, 95.15%, Err 20 (1.0e-05)
250.452 .... 929 packets received, 7613 bps, 95.16%, Err 20 (1.0e-05)
252.563 .... 937 packets received, 7614 bps, 95.17%, Err 21 (1.0e-05)
254.682 .... 945 packets received, 7615 bps, 95.18%, Err 21 (1.0e-05)
256.784 .... 953 packets received, 7616 bps, 95.20%, Err 21 (1.0e-05)
258.915 .... 961 packets received, 7617 bps, 95.21%, Err 21 (1.0e-05)
261.044 .... 969 packets received, 7617 bps, 95.22%, Err 21 (1.0e-05)
263.136 .... 977 packets received, 7619 bps, 95.24%, Err 21 (1.0e-05)
265.245 .... 985 packets received, 7620 bps, 95.26%, Err 21 (9.9e-06)
267.350 .... 993 packets received, 7622 bps, 95.27%, Err 21 (9.8e-06)
269.470 .... 1001 packets received, 7622 bps, 95.28%, Err 21 (9.8e-06)
271.561 .... 1009 packets received, 7624 bps, 95.30%, Err 21 (9.7e-06)
273.687 .... 1017 packets received, 7625 bps, 95.31%, Err 21 (9.6e-06)
276.630 .... 1023 packets received, 7588 bps, 94.85%, Err 22 (1.0e-05)
278.699 .... 1035 packets received, 7620 bps, 95.25%, Err 22 (9.9e-06)
280.805 .... 1043 packets received, 7621 bps, 95.26%, Err 22 (9.8e-06)
282.964 .... 1051 packets received, 7621 bps, 95.26%, Err 22 (9.7e-06)
285.051 .... 1059 packets received, 7623 bps, 95.28%, Err 22 (9.7e-06)
287.148 .... 1067 packets received, 7624 bps, 95.30%, Err 23 (1.0e-05)
289.305 .... 1074 packets received, 7617 bps, 95.21%, Err 23 (9.9e-06)
291.375 .... 1082 packets received, 7619 bps, 95.23%, Err 23 (9.9e-06)
293.502 .... 1090 packets received, 7619 bps, 95.24%, Err 23 (9.8e-06)
295.615 .... 1098 packets received, 7620 bps, 95.25%, Err 23 (9.7e-06)
297.717 .... 1106 packets received, 7622 bps, 95.27%, Err 23 (9.7e-06)
299.835 .... 1114 packets received, 7622 bps, 95.28%, Err 23 (9.6e-06)
303.272 .... 1117 packets received, 7556 bps, 94.45%, Err 26 (1.1e-05)
305.404 .... 1132 packets received, 7604 bps, 95.05%, Err 26 (1.1e-05)
307.539 .... 1140 packets received, 7605 bps, 95.06%, Err 26 (1.1e-05)
309.625 .... 1148 packets received, 7606 bps, 95.08%, Err 26 (1.1e-05)
311.752 .... 1156 packets received, 7607 bps, 95.09%, Err 26 (1.0e-05)
313.861 .... 1164 packets received, 7608 bps, 95.10%, Err 26 (1.0e-05)
315.975 .... 1172 packets received, 7609 bps, 95.11%, Err 26 (1.0e-05)
318.095 .... 1180 packets received, 7610 bps, 95.12%, Err 26 (1.0e-05)
320.184 .... 1188 packets received, 7611 bps, 95.14%, Err 26 (1.0e-05)
322.297 .... 1196 packets received, 7612 bps, 95.15%, Err 26 (1.0e-05)
324.435 .... 1204 packets received, 7613 bps, 95.16%, Err 26 (1.0e-05)
326.510 .... 1212 packets received, 7614 bps, 95.18%, Err 26 (1.0e-05)
328.655 .... 1220 packets received, 7614 bps, 95.18%, Err 26 (9.9e-06)
330.755 .... 1228 packets received, 7616 bps, 95.20%, Err 26 (9.8e-06)
332.845 .... 1236 packets received, 7617 bps, 95.21%, Err 26 (9.8e-06)
334.956 .... 1244 packets received, 7618 bps, 95.23%, Err 26 (9.7e-06)
337.101 .... 1252 packets received, 7618 bps, 95.23%, Err 27 (1.0e-05)
339.194 .... 1260 packets received, 7619 bps, 95.24%, Err 27 (1.0e-05)
341.318 .... 1268 packets received, 7620 bps, 95.25%, Err 27 (9.9e-06)
343.947 .... 1273 packets received, 7592 bps, 94.89%, Err 28 (1.0e-05)
346.052 .... 1285 packets received, 7616 bps, 95.20%, Err 28 (1.0e-05)
348.172 .... 1293 packets received, 7617 bps, 95.21%, Err 28 (1.0e-05)
350.301 .... 1301 packets received, 7618 bps, 95.22%, Err 28 (1.0e-05)
352.421 .... 1309 packets received, 7618 bps, 95.23%, Err 28 (9.9e-06)
354.545 .... 1317 packets received, 7619 bps, 95.23%, Err 28 (9.9e-06)
356.638 .... 1325 packets received, 7620 bps, 95.25%, Err 28 (9.8e-06)
358.777 .... 1333 packets received, 7620 bps, 95.25%, Err 28 (9.8e-06)
360.848 .... 1341 packets received, 7622 bps, 95.27%, Err 28 (9.7e-06)
362.962 .... 1349 packets received, 7623 bps, 95.28%, Err 29 (1.0e-05)
366.415 .... 1357 packets received, 7596 bps, 94.94%, Err 30 (1.0e-05)
369.289 .... 1367 packets received, 7592 bps, 94.90%, Err 31 (1.1e-05)
371.421 .... 1379 packets received, 7614 bps, 95.18%, Err 31 (1.0e-05)
374.600 .... 1386 packets received, 7588 bps, 94.85%, Err 32 (1.1e-05)
376.689 .... 1398 packets received, 7611 bps, 95.14%, Err 32 (1.1e-05)
378.839 .... 1406 packets received, 7611 bps, 95.14%, Err 32 (1.1e-05)
380.914 .... 1414 packets received, 7613 bps, 95.16%, Err 32 (1.1e-05)
383.046 .... 1422 packets received, 7613 bps, 95.17%, Err 32 (1.0e-05)
385.143 .... 1430 packets received, 7614 bps, 95.18%, Err 32 (1.0e-05)
387.274 .... 1437 packets received, 7609 bps, 95.12%, Err 33 (1.1e-05)
389.376 .... 1445 packets received, 7610 bps, 95.13%, Err 33 (1.1e-05)
391.471 .... 1453 packets received, 7612 bps, 95.15%, Err 33 (1.1e-05)
393.608 .... 1461 packets received, 7612 bps, 95.15%, Err 33 (1.0e-05)
395.714 .... 1469 packets received, 7613 bps, 95.16%, Err 33 (1.0e-05)
397.818 .... 1473 packets received, 7593 bps, 94.91%, Err 34 (1.1e-05)
399.929 .... 1484 packets received, 7609 bps, 95.12%, Err 34 (1.1e-05)
402.039 .... 1492 packets received, 7610 bps, 95.13%, Err 34 (1.1e-05)
404.156 .... 1500 packets received, 7611 bps, 95.14%, Err 34 (1.1e-05)
406.256 .... 1508 packets received, 7612 bps, 95.15%, Err 34 (1.0e-05)
408.391 .... 1516 packets received, 7612 bps, 95.15%, Err 34 (1.0e-05)
410.498 .... 1524 packets received, 7613 bps, 95.16%, Err 34 (1.0e-05)
412.609 .... 1532 packets received, 7614 bps, 95.17%, Err 34 (1.0e-05)
414.749 .... 1540 packets received, 7614 bps, 95.18%, Err 34 (1.0e-05)
416.848 .... 1548 packets received, 7615 bps, 95.19%, Err 34 (1.0e-05)
418.950 .... 1556 packets received, 7616 bps, 95.20%, Err 34 (1.0e-05)
421.594 .... 1561 packets received, 7592 bps, 94.90%, Err 35 (1.0e-05)
423.716 .... 1573 packets received, 7612 bps, 95.15%, Err 35 (1.0e-05)
425.828 .... 1581 packets received, 7613 bps, 95.16%, Err 35 (1.0e-05)
427.926 .... 1589 packets received, 7614 bps, 95.18%, Err 35 (1.0e-05)
430.046 .... 1597 packets received, 7615 bps, 95.18%, Err 35 (1.0e-05)
432.168 .... 1605 packets received, 7615 bps, 95.19%, Err 35 (1.0e-05)
434.264 .... 1613 packets received, 7616 bps, 95.20%, Err 35 (1.0e-05)
436.391 .... 1621 packets received, 7617 bps, 95.21%, Err 35 (1.0e-05)
438.527 .... 1629 packets received, 7617 bps, 95.21%, Err 35 (1.0e-05)
440.600 .... 1637 packets received, 7618 bps, 95.23%, Err 35 (9.9e-06)
442.709 .... 1645 packets received, 7619 bps, 95.24%, Err 35 (9.9e-06)
444.827 .... 1653 packets received, 7619 bps, 95.24%, Err 35 (9.8e-06)
446.954 .... 1661 packets received, 7620 bps, 95.25%, Err 35 (9.8e-06)
449.079 .... 1669 packets received, 7620 bps, 95.25%, Err 35 (9.8e-06)
451.172 .... 1677 packets received, 7621 bps, 95.27%, Err 35 (9.7e-06)
453.829 .... 1683 packets received, 7604 bps, 95.05%, Err 36 (9.9e-06)
455.941 .... 1694 packets received, 7618 bps, 95.22%, Err 36 (9.9e-06)
458.056 .... 1702 packets received, 7618 bps, 95.23%, Err 36 (9.8e-06)
460.168 .... 1710 packets received, 7619 bps, 95.24%, Err 36 (9.8e-06)
462.537 .... 1715 packets received, 7602 bps, 95.03%, Err 37 (1.0e-05)
464.665 .... 1726 packets received, 7616 bps, 95.20%, Err 37 (1.0e-05)
466.782 .... 1734 packets received, 7616 bps, 95.21%, Err 37 (9.9e-06)
468.895 .... 1742 packets received, 7617 bps, 95.21%, Err 37 (9.9e-06)
471.011 .... 1750 packets received, 7618 bps, 95.22%, Err 37 (9.8e-06)
473.109 .... 1758 packets received, 7618 bps, 95.23%, Err 37 (9.8e-06)
475.219 .... 1766 packets received, 7619 bps, 95.24%, Err 37 (9.7e-06)
477.362 .... 1774 packets received, 7619 bps, 95.24%, Err 37 (9.7e-06)
479.466 .... 1782 packets received, 7620 bps, 95.25%, Err 37 (9.7e-06)
481.558 .... 1785 packets received, 7600 bps, 95.00%, Err 38 (9.9e-06)
483.676 .... 1797 packets received, 7617 bps, 95.21%, Err 38 (9.8e-06)
485.770 .... 1805 packets received, 7618 bps, 95.23%, Err 38 (9.8e-06)
487.928 .... 1813 packets received, 7618 bps, 95.22%, Err 38 (9.7e-06)
490.036 .... 1821 packets received, 7619 bps, 95.23%, Err 38 (9.7e-06)
492.141 .... 1829 packets received, 7619 bps, 95.24%, Err 38 (9.7e-06)
494.253 .... 1833 packets received, 7603 bps, 95.04%, Err 39 (9.9e-06)
496.341 .... 1844 packets received, 7617 bps, 95.21%, Err 39 (9.8e-06)
498.726 .... 1849 packets received, 7601 bps, 95.01%, Err 40 (1.0e-05)
500.836 .... 1860 packets received, 7614 bps, 95.17%, Err 40 (1.0e-05)
502.960 .... 1868 packets received, 7614 bps, 95.18%, Err 40 (9.9e-06)
505.092 .... 1876 packets received, 7615 bps, 95.18%, Err 41 (1.0e-05)
507.211 .... 1883 packets received, 7611 bps, 95.14%, Err 41 (1.0e-05)
509.316 .... 1891 packets received, 7612 bps, 95.15%, Err 41 (1.0e-05)
511.420 .... 1899 packets received, 7612 bps, 95.15%, Err 41 (1.0e-05)
513.538 .... 1907 packets received, 7613 bps, 95.16%, Err 41 (1.0e-05)
515.677 .... 1915 packets received, 7613 bps, 95.16%, Err 41 (9.9e-06)
517.786 .... 1923 packets received, 7614 bps, 95.17%, Err 41 (9.9e-06)
519.905 .... 1931 packets received, 7614 bps, 95.18%, Err 41 (9.9e-06)
522.030 .... 1939 packets received, 7615 bps, 95.18%, Err 42 (1.0e-05)
524.096 .... 1947 packets received, 7616 bps, 95.20%, Err 42 (1.0e-05)
526.207 .... 1955 packets received, 7616 bps, 95.21%, Err 42 (1.0e-05)
528.336 .... 1963 packets received, 7617 bps, 95.21%, Err 42 (9.9e-06)
530.448 .... 1971 packets received, 7617 bps, 95.22%, Err 42 (9.9e-06)
532.549 .... 1979 packets received, 7618 bps, 95.23%, Err 42 (9.9e-06)
534.677 .... 1987 packets received, 7618 bps, 95.23%, Err 42 (9.8e-06)
537.072 .... 1991 packets received, 7600 bps, 95.00%, Err 43 (1.0e-05)
541.004 .... 2003 packets received, 7590 bps, 94.87%, Err 44 (1.0e-05)
543.118 .... 2017 packets received, 7613 bps, 95.16%, Err 44 (1.0e-05)
545.249 .... 2025 packets received, 7613 bps, 95.17%, Err 44 (1.0e-05)
547.364 .... 2033 packets received, 7614 bps, 95.17%, Err 45 (1.0e-05)
549.486 .... 2041 packets received, 7614 bps, 95.18%, Err 45 (1.0e-05)
551.565 .... 2049 packets received, 7615 bps, 95.19%, Err 45 (1.0e-05)
553.691 .... 2057 packets received, 7616 bps, 95.20%, Err 45 (1.0e-05)
555.812 .... 2064 packets received, 7612 bps, 95.15%, Err 46 (1.0e-05)
557.920 .... 2072 packets received, 7613 bps, 95.16%, Err 46 (1.0e-05)
560.020 .... 2080 packets received, 7614 bps, 95.17%, Err 46 (1.0e-05)
562.133 .... 2088 packets received, 7614 bps, 95.18%, Err 46 (1.0e-05)
564.246 .... 2096 packets received, 7615 bps, 95.18%, Err 46 (1.0e-05)
566.391 .... 2104 packets received, 7615 bps, 95.19%, Err 46 (1.0e-05)
568.491 .... 2112 packets received, 7616 bps, 95.19%, Err 46 (1.0e-05)
570.608 .... 2120 packets received, 7616 bps, 95.20%, Err 46 (1.0e-05)
572.690 .... 2128 packets received, 7617 bps, 95.21%, Err 46 (1.0e-05)
576.124 .... 2136 packets received, 7600 bps, 95.00%, Err 47 (1.0e-05)
578.248 .... 2148 packets received, 7615 bps, 95.18%, Err 47 (1.0e-05)
580.374 .... 2156 packets received, 7615 bps, 95.19%, Err 47 (1.0e-05)
582.509 .... 2164 packets received, 7615 bps, 95.19%, Err 47 (1.0e-05)
584.606 .... 2172 packets received, 7616 bps, 95.20%, Err 47 (1.0e-05)
586.698 .... 2180 packets received, 7617 bps, 95.21%, Err 47 (1.0e-05)
588.800 .... 2188 packets received, 7617 bps, 95.22%, Err 47 (1.0e-05)
590.941 .... 2196 packets received, 7617 bps, 95.22%, Err 47 (9.9e-06)
593.061 .... 2204 packets received, 7618 bps, 95.22%, Err 47 (9.9e-06)
595.143 .... 2212 packets received, 7619 bps, 95.23%, Err 47 (9.9e-06)
597.262 .... 2220 packets received, 7619 bps, 95.24%, Err 47 (9.8e-06)
599.376 .... 2228 packets received, 7619 bps, 95.24%, Err 47 (9.8e-06)
601.491 .... 2236 packets received, 7620 bps, 95.25%, Err 47 (9.8e-06)
603.617 .... 2244 packets received, 7620 bps, 95.25%, Err 47 (9.7e-06)
605.711 .... 2252 packets received, 7621 bps, 95.26%, Err 47 (9.7e-06)
607.857 .... 2260 packets received, 7621 bps, 95.26%, Err 47 (9.7e-06)
609.948 .... 2268 packets received, 7622 bps, 95.27%, Err 47 (9.6e-06)
612.327 .... 2272 packets received, 7605 bps, 95.07%, Err 48 (9.8e-06)
614.456 .... 2284 packets received, 7619 bps, 95.24%, Err 48 (9.8e-06)
616.581 .... 2292 packets received, 7619 bps, 95.24%, Err 48 (9.7e-06)
618.687 .... 2300 packets received, 7620 bps, 95.25%, Err 48 (9.7e-06)
620.809 .... 2308 packets received, 7620 bps, 95.25%, Err 48 (9.7e-06)
622.929 .... 2316 packets received, 7621 bps, 95.26%, Err 48 (9.6e-06)
625.030 .... 2324 packets received, 7621 bps, 95.27%, Err 48 (9.6e-06)
627.159 .... 2332 packets received, 7622 bps, 95.27%, Err 48 (9.6e-06)
629.274 .... 2340 packets received, 7622 bps, 95.27%, Err 48 (9.5e-06)
631.359 .... 2348 packets received, 7623 bps, 95.28%, Err 48 (9.5e-06)
633.501 .... 2356 packets received, 7623 bps, 95.29%, Err 48 (9.5e-06)
635.611 .... 2364 packets received, 7623 bps, 95.29%, Err 48 (9.4e-06)
639.053 .... 2372 packets received, 7608 bps, 95.10%, Err 50 (9.8e-06)
641.144 .... 2384 packets received, 7621 bps, 95.27%, Err 50 (9.8e-06)
643.249 .... 2392 packets received, 7622 bps, 95.27%, Err 50 (9.7e-06)
645.359 .... 2400 packets received, 7622 bps, 95.28%, Err 50 (9.7e-06)
647.493 .... 2408 packets received, 7623 bps, 95.28%, Err 50 (9.7e-06)
649.605 .... 2416 packets received, 7623 bps, 95.29%, Err 50 (9.6e-06)
651.730 .... 2424 packets received, 7623 bps, 95.29%, Err 50 (9.6e-06)
653.821 .... 2432 packets received, 7624 bps, 95.30%, Err 50 (9.6e-06)
655.927 .... 2440 packets received, 7624 bps, 95.31%, Err 50 (9.5e-06)
658.040 .... 2448 packets received, 7625 bps, 95.31%, Err 50 (9.5e-06)
660.161 .... 2456 packets received, 7625 bps, 95.32%, Err 50 (9.5e-06)
662.276 .... 2464 packets received, 7626 bps, 95.32%, Err 50 (9.4e-06)
664.419 .... 2472 packets received, 7626 bps, 95.32%, Err 50 (9.4e-06)
666.499 .... 2480 packets received, 7626 bps, 95.33%, Err 50 (9.4e-06)
668.626 .... 2488 packets received, 7627 bps, 95.33%, Err 50 (9.4e-06)
670.715 .... 2496 packets received, 7627 bps, 95.34%, Err 50 (9.3e-06)
672.810 .... 2504 packets received, 7628 bps, 95.35%, Err 50 (9.3e-06)
674.959 .... 2512 packets received, 7628 bps, 95.35%, Err 50 (9.3e-06)
677.053 .... 2520 packets received, 7629 bps, 95.36%, Err 50 (9.2e-06)
679.160 .... 2528 packets received, 7629 bps, 95.36%, Err 50 (9.2e-06)
681.288 .... 2536 packets received, 7629 bps, 95.37%, Err 50 (9.2e-06)
683.400 .... 2544 packets received, 7630 bps, 95.37%, Err 50 (9.2e-06)
685.529 .... 2547 packets received, 7615 bps, 95.19%, Err 51 (9.3e-06)
687.641 .... 2559 packets received, 7627 bps, 95.34%, Err 51 (9.3e-06)
691.878 .... 2565 packets received, 7598 bps, 94.98%, Err 53 (9.6e-06)
693.976 .... 2579 packets received, 7617 bps, 95.21%, Err 53 (9.6e-06)
696.113 .... 2587 packets received, 7617 bps, 95.21%, Err 53 (9.5e-06)
698.247 .... 2595 packets received, 7617 bps, 95.21%, Err 53 (9.5e-06)
700.344 .... 2603 packets received, 7618 bps, 95.22%, Err 53 (9.5e-06)
702.451 .... 2611 packets received, 7618 bps, 95.23%, Err 53 (9.4e-06)
704.556 .... 2619 packets received, 7619 bps, 95.23%, Err 53 (9.4e-06)
706.672 .... 2627 packets received, 7619 bps, 95.24%, Err 53 (9.4e-06)
708.801 .... 2635 packets received, 7619 bps, 95.24%, Err 53 (9.4e-06)
710.884 .... 2643 packets received, 7620 bps, 95.25%, Err 53 (9.3e-06)
713.008 .... 2651 packets received, 7620 bps, 95.25%, Err 53 (9.3e-06)
717.505 .... 2658 packets received, 7592 bps, 94.90%, Err 55 (9.6e-06)
719.626 .... 2672 packets received, 7610 bps, 95.12%, Err 55 (9.6e-06)
721.744 .... 2680 packets received, 7610 bps, 95.13%, Err 55 (9.5e-06)
725.180 .... 2688 packets received, 7597 bps, 94.96%, Err 56 (9.7e-06)
727.254 .... 2700 packets received, 7609 bps, 95.11%, Err 56 (9.6e-06)
729.391 .... 2708 packets received, 7609 bps, 95.11%, Err 56 (9.6e-06)
731.500 .... 2711 packets received, 7595 bps, 94.94%, Err 57 (9.8e-06)
734.702 .... 2722 packets received, 7593 bps, 94.91%, Err 58 (9.9e-06)
736.794 .... 2734 packets received, 7605 bps, 95.06%, Err 58 (9.9e-06)
738.902 .... 2742 packets received, 7605 bps, 95.07%, Err 58 (9.8e-06)
741.027 .... 2750 packets received, 7606 bps, 95.07%, Err 58 (9.8e-06)
743.122 .... 2758 packets received, 7606 bps, 95.08%, Err 58 (9.8e-06)
745.228 .... 2766 packets received, 7607 bps, 95.08%, Err 58 (9.7e-06)
747.334 .... 2774 packets received, 7607 bps, 95.09%, Err 58 (9.7e-06)
749.468 .... 2782 packets received, 7607 bps, 95.09%, Err 58 (9.7e-06)
751.822 .... 2786 packets received, 7594 bps, 94.93%, Err 59 (9.8e-06)
753.963 .... 2798 packets received, 7606 bps, 95.07%, Err 59 (9.8e-06)
756.107 .... 2806 packets received, 7606 bps, 95.07%, Err 59 (9.8e-06)
758.182 .... 2813 packets received, 7604 bps, 95.05%, Err 60 (9.9e-06)
760.305 .... 2821 packets received, 7604 bps, 95.05%, Err 60 (9.9e-06)
762.400 .... 2829 packets received, 7605 bps, 95.06%, Err 60 (9.9e-06)
764.499 .... 2837 packets received, 7605 bps, 95.06%, Err 60 (9.8e-06)
766.652 .... 2845 packets received, 7605 bps, 95.06%, Err 60 (9.8e-06)
768.745 .... 2853 packets received, 7606 bps, 95.07%, Err 60 (9.8e-06)
770.882 .... 2861 packets received, 7606 bps, 95.07%, Err 60 (9.7e-06)
772.965 .... 2869 packets received, 7607 bps, 95.08%, Err 60 (9.7e-06)
775.072 .... 2877 packets received, 7607 bps, 95.09%, Err 60 (9.7e-06)
777.217 .... 2885 packets received, 7607 bps, 95.09%, Err 60 (9.7e-06)
779.297 .... 2893 packets received, 7608 bps, 95.10%, Err 60 (9.6e-06)
781.419 .... 2901 packets received, 7608 bps, 95.10%, Err 60 (9.6e-06)
783.562 .... 2909 packets received, 7608 bps, 95.10%, Err 60 (9.6e-06)
785.632 .... 2917 packets received, 7609 bps, 95.11%, Err 60 (9.6e-06)
787.771 .... 2925 packets received, 7609 bps, 95.12%, Err 60 (9.5e-06)
790.160 .... 2929 packets received, 7597 bps, 94.96%, Err 61 (9.7e-06)
792.260 .... 2941 packets received, 7608 bps, 95.09%, Err 61 (9.6e-06)
794.358 .... 2949 packets received, 7608 bps, 95.10%, Err 61 (9.6e-06)
796.460 .... 2957 packets received, 7609 bps, 95.11%, Err 62 (9.7e-06)
798.575 .... 2964 packets received, 7606 bps, 95.08%, Err 62 (9.7e-06)
800.724 .... 2972 packets received, 7606 bps, 95.08%, Err 62 (9.7e-06)
802.835 .... 2980 packets received, 7607 bps, 95.09%, Err 62 (9.7e-06)
804.930 .... 2983 packets received, 7595 bps, 94.93%, Err 63 (9.8e-06)
807.338 .... 2991 packets received, 7592 bps, 94.90%, Err 65 (1.0e-05)
809.425 .... 3002 packets received, 7601 bps, 95.01%, Err 65 (1.0e-05)
811.561 .... 3010 packets received, 7601 bps, 95.01%, Err 65 (1.0e-05)
813.642 .... 3018 packets received, 7601 bps, 95.02%, Err 65 (1.0e-05)
816.553 .... 3024 packets received, 7589 bps, 94.87%, Err 66 (1.0e-05)
818.670 .... 3036 packets received, 7600 bps, 95.00%, Err 66 (1.0e-05)
822.118 .... 3044 packets received, 7588 bps, 94.85%, Err 67 (1.0e-05)
824.245 .... 3056 packets received, 7598 bps, 94.98%, Err 67 (1.0e-05)
826.348 .... 3064 packets received, 7599 bps, 94.98%, Err 67 (1.0e-05)
828.449 .... 3072 packets received, 7599 bps, 94.99%, Err 67 (1.0e-05)
830.550 .... 3080 packets received, 7600 bps, 94.99%, Err 67 (1.0e-05)
832.659 .... 3088 packets received, 7600 bps, 95.00%, Err 67 (1.0e-05)
834.787 .... 3096 packets received, 7600 bps, 95.00%, Err 67 (1.0e-05)
836.893 .... 3104 packets received, 7601 bps, 95.01%, Err 67 (1.0e-05)
839.024 .... 3112 packets received, 7601 bps, 95.01%, Err 67 (1.0e-05)
841.116 .... 3120 packets received, 7601 bps, 95.02%, Err 67 (1.0e-05)
843.238 .... 3128 packets received, 7602 bps, 95.02%, Err 67 (9.9e-06)
845.339 .... 3136 packets received, 7602 bps, 95.03%, Err 67 (9.9e-06)
847.460 .... 3144 packets received, 7603 bps, 95.03%, Err 67 (9.9e-06)
849.870 .... 3148 packets received, 7591 bps, 94.88%, Err 68 (1.0e-05)
851.948 .... 3160 packets received, 7601 bps, 95.01%, Err 68 (1.0e-05)
854.061 .... 3168 packets received, 7601 bps, 95.02%, Err 68 (1.0e-05)
856.195 .... 3176 packets received, 7602 bps, 95.02%, Err 68 (9.9e-06)
858.296 .... 3184 packets received, 7602 bps, 95.03%, Err 68 (9.9e-06)
860.952 .... 3189 packets received, 7590 bps, 94.88%, Err 69 (1.0e-05)
863.032 .... 3201 packets received, 7601 bps, 95.01%, Err 69 (1.0e-05)
865.164 .... 3209 packets received, 7601 bps, 95.01%, Err 69 (1.0e-05)
867.267 .... 3217 packets received, 7601 bps, 95.02%, Err 69 (1.0e-05)
869.384 .... 3225 packets received, 7602 bps, 95.02%, Err 69 (9.9e-06)
871.499 .... 3233 packets received, 7602 bps, 95.03%, Err 69 (9.9e-06)
873.640 .... 3241 packets received, 7602 bps, 95.03%, Err 69 (9.9e-06)
875.756 .... 3248 packets received, 7600 bps, 95.00%, Err 70 (1.0e-05)
877.835 .... 3256 packets received, 7601 bps, 95.01%, Err 70 (1.0e-05)
879.945 .... 3264 packets received, 7601 bps, 95.02%, Err 70 (1.0e-05)
882.042 .... 3272 packets received, 7602 bps, 95.02%, Err 70 (9.9e-06)
884.688 .... 3277 packets received, 7591 bps, 94.88%, Err 71 (1.0e-05)
886.803 .... 3289 packets received, 7600 bps, 95.00%, Err 71 (1.0e-05)
888.922 .... 3297 packets received, 7600 bps, 95.01%, Err 71 (1.0e-05)
891.053 .... 3305 packets received, 7601 bps, 95.01%, Err 71 (1.0e-05)
893.156 .... 3313 packets received, 7601 bps, 95.01%, Err 71 (1.0e-05)
895.267 .... 3321 packets received, 7602 bps, 95.02%, Err 71 (9.9e-06)
898.472 .... 3328 packets received, 7590 bps, 94.88%, Err 72 (1.0e-05)
900.569 .... 3340 packets received, 7600 bps, 95.00%, Err 72 (1.0e-05)
902.700 .... 3348 packets received, 7600 bps, 95.00%, Err 72 (1.0e-05)
904.802 .... 3356 packets received, 7601 bps, 95.01%, Err 72 (1.0e-05)
906.917 .... 3364 packets received, 7601 bps, 95.01%, Err 72 (9.9e-06)
909.037 .... 3372 packets received, 7601 bps, 95.02%, Err 72 (9.9e-06)
911.121 .... 3380 packets received, 7602 bps, 95.02%, Err 72 (9.9e-06)
913.223 .... 3388 packets received, 7602 bps, 95.03%, Err 72 (9.9e-06)
916.153 .... 3394 packets received, 7591 bps, 94.89%, Err 73 (1.0e-05)
919.328 .... 3405 packets received, 7590 bps, 94.87%, Err 74 (1.0e-05)
921.443 .... 3417 packets received, 7599 bps, 94.99%, Err 74 (1.0e-05)
924.618 .... 3425 packets received, 7591 bps, 94.88%, Err 75 (1.0e-05)
926.714 .... 3436 packets received, 7598 bps, 94.97%, Err 75 (1.0e-05)
928.824 .... 3444 packets received, 7598 bps, 94.98%, Err 75 (1.0e-05)
930.948 .... 3452 packets received, 7598 bps, 94.98%, Err 75 (1.0e-05)
933.031 .... 3460 packets received, 7599 bps, 94.99%, Err 75 (1.0e-05)
935.187 .... 3468 packets received, 7599 bps, 94.99%, Err 75 (1.0e-05)
938.617 .... 3476 packets received, 7589 bps, 94.86%, Err 76 (1.0e-05)
940.723 .... 3488 packets received, 7598 bps, 94.97%, Err 76 (1.0e-05)
942.846 .... 3496 packets received, 7598 bps, 94.98%, Err 76 (1.0e-05)
944.938 .... 3504 packets received, 7599 bps, 94.98%, Err 76 (1.0e-05)
947.070 .... 3512 packets received, 7599 bps, 94.98%, Err 77 (1.0e-05)
949.144 .... 3519 packets received, 7597 bps, 94.97%, Err 77 (1.0e-05)
951.275 .... 3527 packets received, 7597 bps, 94.97%, Err 77 (1.0e-05)
953.420 .... 3535 packets received, 7598 bps, 94.97%, Err 77 (1.0e-05)
955.531 .... 3543 packets received, 7598 bps, 94.97%, Err 77 (1.0e-05)
957.618 .... 3551 packets received, 7598 bps, 94.98%, Err 77 (1.0e-05)
959.738 .... 3559 packets received, 7599 bps, 94.98%, Err 77 (1.0e-05)
961.844 .... 3567 packets received, 7599 bps, 94.99%, Err 77 (1.0e-05)
963.964 .... 3575 packets received, 7599 bps, 94.99%, Err 77 (1.0e-05)
966.104 .... 3583 packets received, 7600 bps, 94.99%, Err 77 (1.0e-05)
968.190 .... 3591 packets received, 7600 bps, 95.00%, Err 77 (1.0e-05)
970.280 .... 3599 packets received, 7601 bps, 95.01%, Err 77 (9.9e-06)
972.408 .... 3607 packets received, 7601 bps, 95.01%, Err 77 (9.9e-06)
974.539 .... 3615 packets received, 7601 bps, 95.01%, Err 77 (9.9e-06)
976.650 .... 3623 packets received, 7601 bps, 95.02%, Err 77 (9.9e-06)
978.772 .... 3631 packets received, 7602 bps, 95.02%, Err 77 (9.8e-06)
980.873 .... 3639 packets received, 7602 bps, 95.03%, Err 77 (9.8e-06)
982.993 .... 3647 packets received, 7602 bps, 95.03%, Err 77 (9.8e-06)
985.090 .... 3655 packets received, 7603 bps, 95.03%, Err 77 (9.8e-06)
987.216 .... 3663 packets received, 7603 bps, 95.04%, Err 77 (9.8e-06)
989.316 .... 3671 packets received, 7603 bps, 95.04%, Err 77 (9.7e-06)
991.441 .... 3679 packets received, 7604 bps, 95.05%, Err 77 (9.7e-06)
993.565 .... 3687 packets received, 7604 bps, 95.05%, Err 77 (9.7e-06)
996.467 .... 3693 packets received, 7594 bps, 94.93%, Err 78 (9.8e-06)
998.612 .... 3705 packets received, 7602 bps, 95.03%, Err 78 (9.8e-06)
1000.714 .... 3713 packets received, 7603 bps, 95.03%, Err 78 (9.8e-06)
1002.839 .... 3721 packets received, 7603 bps, 95.04%, Err 78 (9.7e-06)
1004.945 .... 3729 packets received, 7603 bps, 95.04%, Err 78 (9.7e-06)
1007.058 .... 3737 packets received, 7604 bps, 95.05%, Err 78 (9.7e-06)
1009.157 .... 3740 packets received, 7594 bps, 94.92%, Err 79 (9.8e-06)
1011.271 .... 3752 packets received, 7602 bps, 95.03%, Err 79 (9.8e-06)
1013.385 .... 3760 packets received, 7603 bps, 95.03%, Err 79 (9.8e-06)
1015.472 .... 3768 packets received, 7603 bps, 95.04%, Err 79 (9.7e-06)
1017.616 .... 3776 packets received, 7603 bps, 95.04%, Err 80 (9.8e-06)
1020.489 .... 3777 packets received, 7584 bps, 94.80%, Err 81 (9.9e-06)
1022.633 .... 3791 packets received, 7596 bps, 94.95%, Err 81 (9.9e-06)
1024.786 .... 3799 packets received, 7596 bps, 94.95%, Err 81 (9.9e-06)
1026.868 .... 3807 packets received, 7597 bps, 94.96%, Err 81 (9.9e-06)
1028.980 .... 3815 packets received, 7597 bps, 94.96%, Err 81 (9.9e-06)
1031.113 .... 3823 packets received, 7597 bps, 94.96%, Err 81 (9.8e-06)
1033.204 .... 3831 packets received, 7598 bps, 94.97%, Err 81 (9.8e-06)
1035.340 .... 3839 packets received, 7598 bps, 94.97%, Err 81 (9.8e-06)
1037.703 .... 3844 packets received, 7590 bps, 94.88%, Err 82 (9.9e-06)
1040.080 .... 3852 packets received, 7589 bps, 94.86%, Err 84 (1.0e-05)
1042.200 .... 3862 packets received, 7593 bps, 94.91%, Err 84 (1.0e-05)
1044.313 .... 3870 packets received, 7593 bps, 94.92%, Err 84 (1.0e-05)
1046.409 .... 3878 packets received, 7594 bps, 94.92%, Err 84 (1.0e-05)
1048.566 .... 3886 packets received, 7594 bps, 94.92%, Err 84 (1.0e-05)
1050.649 .... 3894 packets received, 7594 bps, 94.93%, Err 84 (1.0e-05)
1053.025 .... 3898 packets received, 7585 bps, 94.81%, Err 85 (1.0e-05)
1055.175 .... 3910 packets received, 7593 bps, 94.91%, Err 85 (1.0e-05)
1057.268 .... 3918 packets received, 7593 bps, 94.91%, Err 85 (1.0e-05)
1059.380 .... 3926 packets received, 7594 bps, 94.92%, Err 85 (1.0e-05)
1061.466 .... 3934 packets received, 7594 bps, 94.93%, Err 85 (1.0e-05)
1063.605 .... 3941 packets received, 7592 bps, 94.90%, Err 86 (1.0e-05)
1065.719 .... 3949 packets received, 7593 bps, 94.91%, Err 86 (1.0e-05)
1067.847 .... 3957 packets received, 7593 bps, 94.91%, Err 86 (1.0e-05)
1069.951 .... 3965 packets received, 7593 bps, 94.91%, Err 86 (1.0e-05)
1072.045 .... 3973 packets received, 7594 bps, 94.92%, Err 86 (1.0e-05)
1075.494 .... 3981 packets received, 7584 bps, 94.81%, Err 88 (1.0e-05)
1077.590 .... 3993 packets received, 7593 bps, 94.91%, Err 88 (1.0e-05)
1079.732 .... 4001 packets received, 7593 bps, 94.91%, Err 88 (1.0e-05)
1081.818 .... 4009 packets received, 7593 bps, 94.91%, Err 88 (1.0e-05)
1083.938 .... 4017 packets received, 7593 bps, 94.92%, Err 88 (1.0e-05)
1086.052 .... 4025 packets received, 7594 bps, 94.92%, Err 88 (1.0e-05)
1088.149 .... 4033 packets received, 7594 bps, 94.93%, Err 88 (1.0e-05)
1090.300 .... 4041 packets received, 7594 bps, 94.93%, Err 88 (1.0e-05)
1092.390 .... 4049 packets received, 7595 bps, 94.93%, Err 88 (1.0e-05)
1094.486 .... 4057 packets received, 7595 bps, 94.94%, Err 88 (1.0e-05)
1096.614 .... 4065 packets received, 7595 bps, 94.94%, Err 88 (1.0e-05)
1098.729 .... 4073 packets received, 7596 bps, 94.94%, Err 88 (1.0e-05)
1100.855 .... 4081 packets received, 7596 bps, 94.95%, Err 88 (1.0e-05)
1102.930 .... 4089 packets received, 7596 bps, 94.95%, Err 88 (1.0e-05)
1105.074 .... 4097 packets received, 7596 bps, 94.96%, Err 88 (1.0e-05)
1107.183 .... 4105 packets received, 7597 bps, 94.96%, Err 88 (1.0e-05)
1109.270 .... 4113 packets received, 7597 bps, 94.97%, Err 88 (9.9e-06)
1111.436 .... 4121 packets received, 7597 bps, 94.96%, Err 89 (1.0e-05)
1113.518 .... 4128 packets received, 7596 bps, 94.95%, Err 89 (1.0e-05)
1115.618 .... 4136 packets received, 7596 bps, 94.95%, Err 89 (1.0e-05)
1117.734 .... 4144 packets received, 7597 bps, 94.96%, Err 89 (1.0e-05)
1119.852 .... 4152 packets received, 7597 bps, 94.96%, Err 89 (1.0e-05)
1122.233 .... 4156 packets received, 7588 bps, 94.85%, Err 91 (1.0e-05)
1124.365 .... 4167 packets received, 7594 bps, 94.92%, Err 91 (1.0e-05)
1126.450 .... 4175 packets received, 7594 bps, 94.93%, Err 91 (1.0e-05)
1128.566 .... 4183 packets received, 7594 bps, 94.93%, Err 91 (1.0e-05)
1131.757 .... 4190 packets received, 7586 bps, 94.82%, Err 92 (1.0e-05)
1133.857 .... 4202 packets received, 7593 bps, 94.92%, Err 92 (1.0e-05)
1135.988 .... 4210 packets received, 7593 bps, 94.92%, Err 92 (1.0e-05)
1138.071 .... 4218 packets received, 7594 bps, 94.92%, Err 92 (1.0e-05)
1140.193 .... 4226 packets received, 7594 bps, 94.93%, Err 92 (1.0e-05)
1142.313 .... 4234 packets received, 7594 bps, 94.93%, Err 92 (1.0e-05)
1144.409 .... 4242 packets received, 7595 bps, 94.94%, Err 92 (1.0e-05)
1146.531 .... 4250 packets received, 7595 bps, 94.94%, Err 92 (1.0e-05)
1148.631 .... 4258 packets received, 7595 bps, 94.94%, Err 92 (1.0e-05)
1150.764 .... 4266 packets received, 7596 bps, 94.94%, Err 92 (1.0e-05)
1152.881 .... 4274 packets received, 7596 bps, 94.95%, Err 92 (1.0e-05)
1155.021 .... 4282 packets received, 7596 bps, 94.95%, Err 92 (1.0e-05)
1157.109 .... 4290 packets received, 7596 bps, 94.96%, Err 92 (1.0e-05)
1159.201 .... 4298 packets received, 7597 bps, 94.96%, Err 92 (9.9e-06)
1161.310 .... 4306 packets received, 7597 bps, 94.96%, Err 92 (9.9e-06)
1163.422 .... 4314 packets received, 7597 bps, 94.97%, Err 92 (9.9e-06)
1165.572 .... 4322 packets received, 7597 bps, 94.97%, Err 92 (9.9e-06)
1167.646 .... 4330 packets received, 7598 bps, 94.98%, Err 92 (9.9e-06)
1170.298 .... 4335 packets received, 7590 bps, 94.87%, Err 93 (1.0e-05)
1172.402 .... 4347 packets received, 7597 bps, 94.96%, Err 93 (9.9e-06)
1174.562 .... 4355 packets received, 7597 bps, 94.96%, Err 93 (9.9e-06)
1176.653 .... 4363 packets received, 7597 bps, 94.97%, Err 93 (9.9e-06)
1178.756 .... 4371 packets received, 7598 bps, 94.97%, Err 94 (1.0e-05)
1180.882 .... 4374 packets received, 7589 bps, 94.86%, Err 95 (1.0e-05)
1182.983 .... 4385 packets received, 7595 bps, 94.93%, Err 95 (1.0e-05)
1185.071 .... 4393 packets received, 7595 bps, 94.94%, Err 95 (1.0e-05)
1187.181 .... 4401 packets received, 7595 bps, 94.94%, Err 95 (1.0e-05)
1189.321 .... 4409 packets received, 7596 bps, 94.94%, Err 95 (1.0e-05)
1191.442 .... 4417 packets received, 7596 bps, 94.95%, Err 95 (1.0e-05)
1193.528 .... 4425 packets received, 7596 bps, 94.95%, Err 95 (1.0e-05)
1195.683 .... 4433 packets received, 7596 bps, 94.95%, Err 96 (1.0e-05)
1197.774 .... 4440 packets received, 7595 bps, 94.94%, Err 96 (1.0e-05)
1199.882 .... 4448 packets received, 7595 bps, 94.94%, Err 96 (1.0e-05)
1201.980 .... 4456 packets received, 7596 bps, 94.95%, Err 96 (1.0e-05)
1204.122 .... 4464 packets received, 7596 bps, 94.95%, Err 96 (1.0e-05)
1206.213 .... 4467 packets received, 7588 bps, 94.85%, Err 97 (1.0e-05)
1208.346 .... 4479 packets received, 7595 bps, 94.93%, Err 97 (1.0e-05)
1210.451 .... 4482 packets received, 7587 bps, 94.83%, Err 98 (1.0e-05)
1212.546 .... 4494 packets received, 7594 bps, 94.92%, Err 98 (1.0e-05)
1214.674 .... 4502 packets received, 7594 bps, 94.92%, Err 98 (1.0e-05)
1216.812 .... 4505 packets received, 7586 bps, 94.82%, Err 99 (1.0e-05)
1218.918 .... 4517 packets received, 7593 bps, 94.91%, Err 99 (1.0e-05)
1221.015 .... 4525 packets received, 7593 bps, 94.91%, Err 99 (1.0e-05)
1223.128 .... 4533 packets received, 7593 bps, 94.92%, Err 99 (1.0e-05)
1226.278 .... 4541 packets received, 7587 bps, 94.84%, Err 100 (1.0e-05)
1228.416 .... 4552 packets received, 7592 bps, 94.90%, Err 101 (1.0e-05)
1230.521 .... 4560 packets received, 7593 bps, 94.91%, Err 101 (1.0e-05)
1232.629 .... 4567 packets received, 7591 bps, 94.89%, Err 102 (1.0e-05)
1235.013 .... 4571 packets received, 7583 bps, 94.79%, Err 103 (1.0e-05)
1237.130 .... 4583 packets received, 7590 bps, 94.88%, Err 103 (1.0e-05)
1239.240 .... 4591 packets received, 7590 bps, 94.88%, Err 103 (1.0e-05)
1241.392 .... 4599 packets received, 7590 bps, 94.88%, Err 103 (1.0e-05)
1244.305 .... 4606 packets received, 7584 bps, 94.80%, Err 104 (1.0e-05)
1246.428 .... 4617 packets received, 7589 bps, 94.87%, Err 104 (1.0e-05)
1248.529 .... 4625 packets received, 7590 bps, 94.87%, Err 104 (1.0e-05)
1250.618 .... 4633 packets received, 7590 bps, 94.88%, Err 104 (1.0e-05)
1252.743 .... 4641 packets received, 7590 bps, 94.88%, Err 104 (1.0e-05)
1254.872 .... 4649 packets received, 7591 bps, 94.88%, Err 105 (1.0e-05)
1257.211 .... 4653 packets received, 7583 bps, 94.79%, Err 106 (1.1e-05)
1259.360 .... 4665 packets received, 7589 bps, 94.87%, Err 106 (1.1e-05)
1261.468 .... 4673 packets received, 7590 bps, 94.87%, Err 106 (1.1e-05)
1263.586 .... 4681 packets received, 7590 bps, 94.88%, Err 106 (1.1e-05)
1265.662 .... 4689 packets received, 7591 bps, 94.88%, Err 106 (1.0e-05)
1267.821 .... 4697 packets received, 7591 bps, 94.88%, Err 106 (1.0e-05)
1269.937 .... 4705 packets received, 7591 bps, 94.88%, Err 106 (1.0e-05)
1272.052 .... 4713 packets received, 7591 bps, 94.89%, Err 106 (1.0e-05)
1274.151 .... 4721 packets received, 7591 bps, 94.89%, Err 106 (1.0e-05)
1276.771 .... 4726 packets received, 7584 bps, 94.80%, Err 107 (1.0e-05)
1278.884 .... 4738 packets received, 7591 bps, 94.88%, Err 107 (1.0e-05)
1281.000 .... 4746 packets received, 7591 bps, 94.88%, Err 107 (1.0e-05)
1283.085 .... 4754 packets received, 7591 bps, 94.89%, Err 107 (1.0e-05)
1285.201 .... 4762 packets received, 7591 bps, 94.89%, Err 107 (1.0e-05)
1287.310 .... 4770 packets received, 7592 bps, 94.90%, Err 107 (1.0e-05)
1291.125 .... 4772 packets received, 7572 bps, 94.66%, Err 107 (1.0e-05)
1293.210 .... 4780 packets received, 7573 bps, 94.66%, Err 107 (1.0e-05)
1295.291 .... 4788 packets received, 7573 bps, 94.67%, Err 107 (1.0e-05)
1297.433 .... 4796 packets received, 7574 bps, 94.67%, Err 108 (1.0e-05)
1299.522 .... 4804 packets received, 7574 bps, 94.67%, Err 108 (1.0e-05)
1301.621 .... 4812 packets received, 7574 bps, 94.68%, Err 108 (1.0e-05)
