d:\documents\桌面\计算机网络实验\lab1-2022(win+linux)\selective\win32-debug\vc143.pdb
d:\documents\桌面\计算机网络实验\lab1-2022(win+linux)\selective\win32-debug\vc143.idb
d:\documents\桌面\计算机网络实验\lab1-2022(win+linux)\selective\win32-debug\protocol.obj
d:\documents\桌面\计算机网络实验\lab1-2022(win+linux)\selective\win32-debug\protocol.asm
d:\documents\桌面\计算机网络实验\lab1-2022(win+linux)\selective\win32-debug\lprintf.obj
d:\documents\桌面\计算机网络实验\lab1-2022(win+linux)\selective\win32-debug\lprintf.asm
d:\documents\桌面\计算机网络实验\lab1-2022(win+linux)\selective\win32-debug\getopt.obj
d:\documents\桌面\计算机网络实验\lab1-2022(win+linux)\selective\win32-debug\getopt.asm
d:\documents\桌面\计算机网络实验\lab1-2022(win+linux)\selective\win32-debug\crc32.obj
d:\documents\桌面\计算机网络实验\lab1-2022(win+linux)\selective\win32-debug\crc32.asm
d:\documents\桌面\计算机网络实验\lab1-2022(win+linux)\selective\win32-debug\datalink.obj
d:\documents\桌面\计算机网络实验\lab1-2022(win+linux)\selective\win32-debug\datalink.asm
d:\documents\桌面\计算机网络实验\lab1-2022(win+linux)\selective\win32-debug\datalink.ilk
d:\documents\桌面\计算机网络实验\lab1-2022(win+linux)\selective\win32-debug\datalink.exe
d:\documents\桌面\计算机网络实验\lab1-2022(win+linux)\selective\win32-debug\datalink.pdb
d:\documents\桌面\计算机网络实验\lab1-2022(win+linux)\selective\win32-debug\datalink.tlog\cl.command.1.tlog
d:\documents\桌面\计算机网络实验\lab1-2022(win+linux)\selective\win32-debug\datalink.tlog\cl.read.1.tlog
d:\documents\桌面\计算机网络实验\lab1-2022(win+linux)\selective\win32-debug\datalink.tlog\cl.write.1.tlog
d:\documents\桌面\计算机网络实验\lab1-2022(win+linux)\selective\win32-debug\datalink.tlog\link.command.1.tlog
d:\documents\桌面\计算机网络实验\lab1-2022(win+linux)\selective\win32-debug\datalink.tlog\link.read.1.tlog
d:\documents\桌面\计算机网络实验\lab1-2022(win+linux)\selective\win32-debug\datalink.tlog\link.write.1.tlog
