000.000 =============================================================
000.000                     Station A                               
000.000 -------------------------------------------------------------
000.000 Protocol.lib, version 4.0, jiangyanjun0718@bupt.edu.cn
000.000 Channel: 8000 bps, 270 ms propagation delay, bit error rate 1.0E-05
000.000 Log file "datalink-A.log", TCP port 59144, debug mask 0x00
000.000 Station A is waiting for station B on TCP port 59144 ... Done.
000.257 New epoch: Sat May 21 00:06:31 2022
000.258 =================================================================
000.258 
000.258 Designed by Chen Yu, build: May 20 2022  17:46:38
002.922 .... 4 packets received, 3415 bps, 42.68%, Err 1 (4.7e-05)
005.041 .... 16 packets received, 7253 bps, 90.66%, Err 1 (2.6e-05)
007.163 .... 24 packets received, 7402 bps, 92.53%, Err 1 (1.8e-05)
009.275 .... 32 packets received, 7488 bps, 93.60%, Err 1 (1.4e-05)
011.385 .... 40 packets received, 7542 bps, 94.27%, Err 1 (1.1e-05)
013.511 .... 48 packets received, 7569 bps, 94.61%, Err 1 (9.5e-06)
015.619 .... 56 packets received, 7597 bps, 94.97%, Err 1 (8.2e-06)
017.728 .... 64 packets received, 7618 bps, 95.23%, Err 1 (7.2e-06)
019.829 .... 72 packets received, 7638 bps, 95.47%, Err 1 (6.4e-06)
021.960 .... 80 packets received, 7643 bps, 95.54%, Err 1 (5.8e-06)
024.072 .... 88 packets received, 7653 bps, 95.66%, Err 1 (5.3e-06)
026.197 .... 96 packets received, 7658 bps, 95.72%, Err 1 (4.8e-06)
028.297 .... 104 packets received, 7669 bps, 95.86%, Err 1 (4.5e-06)
030.431 .... 112 packets received, 7669 bps, 95.87%, Err 1 (4.1e-06)
033.606 .... 119 packets received, 7367 bps, 92.08%, Err 3 (1.1e-05)
035.691 .... 130 packets received, 7571 bps, 94.63%, Err 3 (1.1e-05)
037.821 .... 138 packets received, 7577 bps, 94.72%, Err 3 (1.0e-05)
040.180 .... 142 packets received, 7333 bps, 91.67%, Err 4 (1.3e-05)
042.306 .... 154 packets received, 7548 bps, 94.35%, Err 4 (1.2e-05)
044.382 .... 162 packets received, 7565 bps, 94.56%, Err 4 (1.1e-05)
046.504 .... 170 packets received, 7572 bps, 94.65%, Err 4 (1.1e-05)
048.616 .... 178 packets received, 7580 bps, 94.75%, Err 4 (1.0e-05)
050.720 .... 186 packets received, 7589 bps, 94.86%, Err 4 (9.9e-06)
053.669 .... 192 packets received, 7399 bps, 92.48%, Err 5 (1.2e-05)
055.765 .... 204 packets received, 7563 bps, 94.54%, Err 5 (1.1e-05)
057.894 .... 212 packets received, 7568 bps, 94.60%, Err 5 (1.1e-05)
060.014 .... 220 packets received, 7574 bps, 94.67%, Err 6 (1.3e-05)
062.084 .... 228 packets received, 7585 bps, 94.81%, Err 6 (1.2e-05)
064.226 .... 236 packets received, 7587 bps, 94.84%, Err 6 (1.2e-05)
066.355 .... 244 packets received, 7591 bps, 94.88%, Err 6 (1.1e-05)
068.484 .... 252 packets received, 7594 bps, 94.93%, Err 6 (1.1e-05)
070.530 .... 260 packets received, 7606 bps, 95.08%, Err 6 (1.1e-05)
072.683 .... 268 packets received, 7606 bps, 95.08%, Err 7 (1.2e-05)
074.794 .... 276 packets received, 7611 bps, 95.13%, Err 7 (1.2e-05)
076.895 .... 283 packets received, 7589 bps, 94.86%, Err 8 (1.3e-05)
079.009 .... 291 packets received, 7593 bps, 94.92%, Err 8 (1.3e-05)
081.130 .... 299 packets received, 7597 bps, 94.96%, Err 8 (1.2e-05)
083.225 .... 307 packets received, 7602 bps, 95.03%, Err 8 (1.2e-05)
085.355 .... 315 packets received, 7605 bps, 95.06%, Err 8 (1.2e-05)
087.446 .... 323 packets received, 7610 bps, 95.13%, Err 8 (1.1e-05)
089.569 .... 331 packets received, 7613 bps, 95.16%, Err 8 (1.1e-05)
091.682 .... 339 packets received, 7616 bps, 95.20%, Err 8 (1.1e-05)
093.807 .... 347 packets received, 7618 bps, 95.23%, Err 8 (1.1e-05)
095.921 .... 355 packets received, 7621 bps, 95.26%, Err 8 (1.0e-05)
098.029 .... 363 packets received, 7624 bps, 95.30%, Err 8 (1.0e-05)
100.142 .... 371 packets received, 7627 bps, 95.34%, Err 8 (1.0e-05)
102.273 .... 379 packets received, 7628 bps, 95.36%, Err 8 (9.8e-06)
104.412 .... 387 packets received, 7629 bps, 95.36%, Err 8 (9.6e-06)
106.506 .... 395 packets received, 7633 bps, 95.41%, Err 8 (9.4e-06)
108.630 .... 403 packets received, 7635 bps, 95.43%, Err 8 (9.2e-06)
110.990 .... 408 packets received, 7564 bps, 94.55%, Err 9 (1.0e-05)
113.086 .... 419 packets received, 7623 bps, 95.29%, Err 9 (1.0e-05)
115.209 .... 427 packets received, 7625 bps, 95.31%, Err 10 (1.1e-05)
117.362 .... 435 packets received, 7625 bps, 95.31%, Err 10 (1.1e-05)
119.461 .... 443 packets received, 7628 bps, 95.35%, Err 10 (1.0e-05)
121.533 .... 451 packets received, 7633 bps, 95.41%, Err 10 (1.0e-05)
123.643 .... 459 packets received, 7635 bps, 95.44%, Err 10 (1.0e-05)
125.777 .... 467 packets received, 7636 bps, 95.45%, Err 10 (1.0e-05)
127.870 .... 475 packets received, 7639 bps, 95.49%, Err 10 (9.8e-06)
130.017 .... 483 packets received, 7639 bps, 95.49%, Err 10 (9.6e-06)
132.102 .... 491 packets received, 7642 bps, 95.53%, Err 10 (9.5e-06)
134.224 .... 499 packets received, 7644 bps, 95.54%, Err 10 (9.3e-06)
136.321 .... 507 packets received, 7646 bps, 95.58%, Err 10 (9.2e-06)
138.428 .... 515 packets received, 7648 bps, 95.60%, Err 11 (1.0e-05)
140.535 .... 523 packets received, 7650 bps, 95.63%, Err 11 (9.8e-06)
142.678 .... 531 packets received, 7650 bps, 95.63%, Err 11 (9.7e-06)
144.758 .... 539 packets received, 7653 bps, 95.67%, Err 11 (9.5e-06)
147.405 .... 544 packets received, 7585 bps, 94.81%, Err 12 (1.0e-05)
149.544 .... 556 packets received, 7641 bps, 95.51%, Err 12 (1.0e-05)
151.685 .... 564 packets received, 7641 bps, 95.52%, Err 12 (9.9e-06)
153.741 .... 572 packets received, 7646 bps, 95.57%, Err 12 (9.8e-06)
155.855 .... 580 packets received, 7647 bps, 95.59%, Err 12 (9.6e-06)
157.964 .... 588 packets received, 7649 bps, 95.61%, Err 12 (9.5e-06)
160.114 .... 596 packets received, 7648 bps, 95.60%, Err 12 (9.4e-06)
162.199 .... 604 packets received, 7651 bps, 95.64%, Err 12 (9.3e-06)
164.305 .... 612 packets received, 7653 bps, 95.66%, Err 12 (9.1e-06)
166.475 .... 620 packets received, 7651 bps, 95.64%, Err 12 (9.0e-06)
168.567 .... 628 packets received, 7654 bps, 95.67%, Err 12 (8.9e-06)
170.679 .... 636 packets received, 7655 bps, 95.69%, Err 12 (8.8e-06)
172.789 .... 644 packets received, 7656 bps, 95.70%, Err 12 (8.7e-06)
175.692 .... 650 packets received, 7600 bps, 94.99%, Err 14 (1.0e-05)
177.821 .... 662 packets received, 7647 bps, 95.59%, Err 14 (9.9e-06)
179.908 .... 670 packets received, 7649 bps, 95.62%, Err 14 (9.7e-06)
182.017 .... 678 packets received, 7651 bps, 95.63%, Err 14 (9.6e-06)
184.138 .... 686 packets received, 7652 bps, 95.64%, Err 14 (9.5e-06)
186.238 .... 694 packets received, 7653 bps, 95.66%, Err 14 (9.4e-06)
188.623 .... 698 packets received, 7600 bps, 95.00%, Err 15 (1.0e-05)
191.796 .... 709 packets received, 7591 bps, 94.89%, Err 17 (1.1e-05)
193.889 .... 721 packets received, 7636 bps, 95.45%, Err 17 (1.1e-05)
196.023 .... 729 packets received, 7637 bps, 95.46%, Err 17 (1.1e-05)
198.152 .... 737 packets received, 7637 bps, 95.47%, Err 17 (1.1e-05)
200.263 .... 745 packets received, 7639 bps, 95.48%, Err 17 (1.1e-05)
202.346 .... 753 packets received, 7641 bps, 95.51%, Err 17 (1.1e-05)
204.518 .... 761 packets received, 7640 bps, 95.50%, Err 17 (1.0e-05)
206.625 .... 769 packets received, 7641 bps, 95.52%, Err 17 (1.0e-05)
208.728 .... 777 packets received, 7643 bps, 95.54%, Err 17 (1.0e-05)
211.627 .... 783 packets received, 7596 bps, 94.95%, Err 18 (1.1e-05)
213.749 .... 795 packets received, 7636 bps, 95.45%, Err 18 (1.1e-05)
215.846 .... 803 packets received, 7638 bps, 95.47%, Err 18 (1.0e-05)
218.781 .... 809 packets received, 7591 bps, 94.89%, Err 19 (1.1e-05)
220.842 .... 821 packets received, 7632 bps, 95.40%, Err 19 (1.1e-05)
222.965 .... 829 packets received, 7633 bps, 95.41%, Err 19 (1.1e-05)
225.060 .... 837 packets received, 7634 bps, 95.43%, Err 19 (1.1e-05)
227.191 .... 845 packets received, 7635 bps, 95.43%, Err 19 (1.0e-05)
229.302 .... 853 packets received, 7636 bps, 95.45%, Err 19 (1.0e-05)
231.431 .... 861 packets received, 7636 bps, 95.46%, Err 19 (1.0e-05)
234.370 .... 867 packets received, 7593 bps, 94.91%, Err 22 (1.2e-05)
236.478 .... 877 packets received, 7612 bps, 95.15%, Err 22 (1.2e-05)
238.553 .... 885 packets received, 7615 bps, 95.18%, Err 22 (1.2e-05)
240.667 .... 893 packets received, 7616 bps, 95.20%, Err 22 (1.1e-05)
242.793 .... 896 packets received, 7574 bps, 94.68%, Err 24 (1.2e-05)
244.911 .... 907 packets received, 7601 bps, 95.01%, Err 25 (1.3e-05)
247.024 .... 915 packets received, 7602 bps, 95.03%, Err 25 (1.3e-05)
249.105 .... 923 packets received, 7604 bps, 95.05%, Err 25 (1.3e-05)
251.232 .... 931 packets received, 7605 bps, 95.06%, Err 25 (1.2e-05)
253.345 .... 939 packets received, 7606 bps, 95.08%, Err 25 (1.2e-05)
255.481 .... 947 packets received, 7607 bps, 95.09%, Err 25 (1.2e-05)
257.593 .... 955 packets received, 7608 bps, 95.10%, Err 25 (1.2e-05)
259.716 .... 963 packets received, 7609 bps, 95.11%, Err 25 (1.2e-05)
261.810 .... 971 packets received, 7611 bps, 95.14%, Err 25 (1.2e-05)
263.912 .... 979 packets received, 7612 bps, 95.15%, Err 25 (1.2e-05)
266.048 .... 987 packets received, 7613 bps, 95.16%, Err 25 (1.2e-05)
268.141 .... 995 packets received, 7614 bps, 95.18%, Err 25 (1.2e-05)
270.233 .... 1003 packets received, 7616 bps, 95.20%, Err 25 (1.2e-05)
272.397 .... 1011 packets received, 7616 bps, 95.20%, Err 25 (1.1e-05)
274.479 .... 1019 packets received, 7618 bps, 95.22%, Err 25 (1.1e-05)
276.599 .... 1026 packets received, 7611 bps, 95.14%, Err 26 (1.2e-05)
278.714 .... 1034 packets received, 7612 bps, 95.15%, Err 26 (1.2e-05)
280.851 .... 1042 packets received, 7613 bps, 95.16%, Err 26 (1.2e-05)
282.917 .... 1050 packets received, 7615 bps, 95.19%, Err 26 (1.2e-05)
285.035 .... 1058 packets received, 7616 bps, 95.20%, Err 26 (1.1e-05)
287.164 .... 1066 packets received, 7616 bps, 95.20%, Err 26 (1.1e-05)
289.305 .... 1074 packets received, 7617 bps, 95.21%, Err 26 (1.1e-05)
292.452 .... 1081 packets received, 7584 bps, 94.80%, Err 27 (1.2e-05)
294.579 .... 1093 packets received, 7612 bps, 95.15%, Err 27 (1.1e-05)
296.671 .... 1101 packets received, 7614 bps, 95.17%, Err 27 (1.1e-05)
298.785 .... 1109 packets received, 7615 bps, 95.19%, Err 27 (1.1e-05)
301.670 .... 1115 packets received, 7583 bps, 94.78%, Err 28 (1.2e-05)
303.827 .... 1127 packets received, 7610 bps, 95.12%, Err 28 (1.2e-05)
305.933 .... 1135 packets received, 7611 bps, 95.14%, Err 28 (1.1e-05)
308.054 .... 1143 packets received, 7612 bps, 95.15%, Err 28 (1.1e-05)
310.139 .... 1151 packets received, 7613 bps, 95.17%, Err 29 (1.2e-05)
312.263 .... 1159 packets received, 7614 bps, 95.18%, Err 29 (1.2e-05)
314.377 .... 1167 packets received, 7615 bps, 95.19%, Err 29 (1.2e-05)
316.492 .... 1175 packets received, 7616 bps, 95.20%, Err 29 (1.1e-05)
318.620 .... 1183 packets received, 7616 bps, 95.21%, Err 29 (1.1e-05)
320.716 .... 1191 packets received, 7618 bps, 95.22%, Err 29 (1.1e-05)
322.824 .... 1199 packets received, 7619 bps, 95.24%, Err 29 (1.1e-05)
324.931 .... 1207 packets received, 7620 bps, 95.25%, Err 29 (1.1e-05)
327.039 .... 1215 packets received, 7621 bps, 95.26%, Err 29 (1.1e-05)
329.171 .... 1223 packets received, 7621 bps, 95.27%, Err 29 (1.1e-05)
331.272 .... 1231 packets received, 7622 bps, 95.28%, Err 29 (1.1e-05)
333.388 .... 1239 packets received, 7623 bps, 95.29%, Err 29 (1.1e-05)
335.531 .... 1247 packets received, 7623 bps, 95.29%, Err 29 (1.1e-05)
337.626 .... 1255 packets received, 7624 bps, 95.31%, Err 29 (1.1e-05)
339.738 .... 1263 packets received, 7625 bps, 95.32%, Err 29 (1.1e-05)
341.831 .... 1271 packets received, 7627 bps, 95.33%, Err 29 (1.1e-05)
343.978 .... 1279 packets received, 7627 bps, 95.33%, Err 29 (1.1e-05)
346.082 .... 1287 packets received, 7628 bps, 95.34%, Err 29 (1.0e-05)
348.189 .... 1295 packets received, 7628 bps, 95.36%, Err 29 (1.0e-05)
350.301 .... 1303 packets received, 7629 bps, 95.37%, Err 29 (1.0e-05)
352.421 .... 1311 packets received, 7630 bps, 95.37%, Err 29 (1.0e-05)
355.058 .... 1316 packets received, 7602 bps, 95.02%, Err 30 (1.1e-05)
357.178 .... 1328 packets received, 7626 bps, 95.32%, Err 30 (1.1e-05)
359.274 .... 1336 packets received, 7627 bps, 95.34%, Err 30 (1.0e-05)
361.411 .... 1344 packets received, 7627 bps, 95.34%, Err 30 (1.0e-05)
363.520 .... 1352 packets received, 7628 bps, 95.35%, Err 30 (1.0e-05)
365.606 .... 1360 packets received, 7629 bps, 95.36%, Err 30 (1.0e-05)
367.750 .... 1368 packets received, 7629 bps, 95.37%, Err 30 (1.0e-05)
369.849 .... 1376 packets received, 7630 bps, 95.38%, Err 30 (1.0e-05)
371.950 .... 1384 packets received, 7631 bps, 95.39%, Err 30 (1.0e-05)
374.099 .... 1392 packets received, 7631 bps, 95.39%, Err 30 (1.0e-05)
376.179 .... 1400 packets received, 7633 bps, 95.41%, Err 30 (1.0e-05)
378.321 .... 1408 packets received, 7633 bps, 95.41%, Err 30 (9.9e-06)
380.459 .... 1416 packets received, 7633 bps, 95.41%, Err 30 (9.9e-06)
382.548 .... 1424 packets received, 7634 bps, 95.42%, Err 31 (1.0e-05)
384.629 .... 1432 packets received, 7635 bps, 95.44%, Err 31 (1.0e-05)
386.762 .... 1440 packets received, 7635 bps, 95.44%, Err 31 (1.0e-05)
388.894 .... 1448 packets received, 7636 bps, 95.45%, Err 31 (1.0e-05)
391.008 .... 1456 packets received, 7636 bps, 95.45%, Err 31 (9.9e-06)
393.112 .... 1464 packets received, 7637 bps, 95.46%, Err 31 (9.9e-06)
395.199 .... 1472 packets received, 7638 bps, 95.48%, Err 31 (9.8e-06)
397.376 .... 1480 packets received, 7638 bps, 95.47%, Err 31 (9.8e-06)
399.480 .... 1488 packets received, 7638 bps, 95.48%, Err 31 (9.7e-06)
401.574 .... 1496 packets received, 7639 bps, 95.49%, Err 31 (9.7e-06)
403.662 .... 1504 packets received, 7641 bps, 95.51%, Err 31 (9.6e-06)
405.775 .... 1512 packets received, 7641 bps, 95.51%, Err 31 (9.6e-06)
407.926 .... 1520 packets received, 7641 bps, 95.51%, Err 31 (9.5e-06)
410.018 .... 1528 packets received, 7642 bps, 95.52%, Err 31 (9.5e-06)
412.143 .... 1536 packets received, 7642 bps, 95.53%, Err 31 (9.4e-06)
414.236 .... 1544 packets received, 7643 bps, 95.54%, Err 31 (9.4e-06)
416.345 .... 1551 packets received, 7639 bps, 95.49%, Err 32 (9.6e-06)
418.451 .... 1559 packets received, 7640 bps, 95.50%, Err 32 (9.6e-06)
420.565 .... 1567 packets received, 7640 bps, 95.50%, Err 32 (9.5e-06)
422.694 .... 1575 packets received, 7641 bps, 95.51%, Err 32 (9.5e-06)
424.820 .... 1583 packets received, 7641 bps, 95.51%, Err 32 (9.4e-06)
426.929 .... 1591 packets received, 7641 bps, 95.52%, Err 32 (9.4e-06)
429.050 .... 1599 packets received, 7642 bps, 95.52%, Err 32 (9.3e-06)
431.168 .... 1607 packets received, 7642 bps, 95.53%, Err 32 (9.3e-06)
434.031 .... 1614 packets received, 7625 bps, 95.31%, Err 33 (9.5e-06)
436.160 .... 1625 packets received, 7639 bps, 95.49%, Err 33 (9.5e-06)
438.311 .... 1633 packets received, 7639 bps, 95.49%, Err 33 (9.4e-06)
440.400 .... 1641 packets received, 7640 bps, 95.50%, Err 33 (9.4e-06)
442.523 .... 1649 packets received, 7641 bps, 95.51%, Err 33 (9.3e-06)
444.599 .... 1657 packets received, 7642 bps, 95.52%, Err 33 (9.3e-06)
446.708 .... 1665 packets received, 7642 bps, 95.53%, Err 33 (9.2e-06)
448.815 .... 1673 packets received, 7643 bps, 95.54%, Err 33 (9.2e-06)
450.954 .... 1681 packets received, 7643 bps, 95.54%, Err 34 (9.4e-06)
453.860 .... 1682 packets received, 7599 bps, 94.98%, Err 35 (9.6e-06)
456.002 .... 1696 packets received, 7626 bps, 95.32%, Err 35 (9.6e-06)
458.088 .... 1704 packets received, 7627 bps, 95.34%, Err 35 (9.6e-06)
460.200 .... 1712 packets received, 7627 bps, 95.34%, Err 35 (9.5e-06)
462.319 .... 1720 packets received, 7628 bps, 95.35%, Err 35 (9.5e-06)
464.431 .... 1728 packets received, 7629 bps, 95.36%, Err 35 (9.4e-06)
466.565 .... 1736 packets received, 7629 bps, 95.36%, Err 35 (9.4e-06)
468.665 .... 1744 packets received, 7630 bps, 95.37%, Err 35 (9.4e-06)
470.763 .... 1752 packets received, 7630 bps, 95.38%, Err 35 (9.3e-06)
472.909 .... 1760 packets received, 7630 bps, 95.38%, Err 35 (9.3e-06)
475.000 .... 1768 packets received, 7631 bps, 95.39%, Err 35 (9.2e-06)
477.127 .... 1776 packets received, 7632 bps, 95.39%, Err 35 (9.2e-06)
479.251 .... 1784 packets received, 7632 bps, 95.40%, Err 36 (9.4e-06)
481.343 .... 1791 packets received, 7629 bps, 95.36%, Err 36 (9.4e-06)
483.459 .... 1799 packets received, 7629 bps, 95.36%, Err 36 (9.3e-06)
486.901 .... 1807 packets received, 7609 bps, 95.11%, Err 37 (9.5e-06)
489.018 .... 1819 packets received, 7626 bps, 95.33%, Err 37 (9.5e-06)
491.121 .... 1827 packets received, 7627 bps, 95.34%, Err 37 (9.4e-06)
493.250 .... 1835 packets received, 7627 bps, 95.34%, Err 37 (9.4e-06)
495.343 .... 1843 packets received, 7628 bps, 95.35%, Err 37 (9.4e-06)
497.470 .... 1851 packets received, 7628 bps, 95.35%, Err 37 (9.3e-06)
499.593 .... 1859 packets received, 7629 bps, 95.36%, Err 37 (9.3e-06)
501.719 .... 1867 packets received, 7629 bps, 95.36%, Err 37 (9.2e-06)
503.798 .... 1875 packets received, 7630 bps, 95.38%, Err 37 (9.2e-06)
505.930 .... 1883 packets received, 7630 bps, 95.38%, Err 37 (9.2e-06)
508.049 .... 1891 packets received, 7631 bps, 95.38%, Err 37 (9.1e-06)
510.168 .... 1899 packets received, 7631 bps, 95.39%, Err 37 (9.1e-06)
513.070 .... 1905 packets received, 7612 bps, 95.15%, Err 39 (9.5e-06)
515.144 .... 1916 packets received, 7625 bps, 95.31%, Err 39 (9.5e-06)
517.292 .... 1924 packets received, 7625 bps, 95.31%, Err 39 (9.4e-06)
519.402 .... 1932 packets received, 7626 bps, 95.32%, Err 39 (9.4e-06)
521.500 .... 1940 packets received, 7626 bps, 95.33%, Err 39 (9.4e-06)
523.612 .... 1948 packets received, 7627 bps, 95.34%, Err 39 (9.3e-06)
525.740 .... 1956 packets received, 7627 bps, 95.34%, Err 39 (9.3e-06)
527.854 .... 1964 packets received, 7628 bps, 95.35%, Err 39 (9.3e-06)
529.951 .... 1972 packets received, 7628 bps, 95.35%, Err 39 (9.2e-06)
532.062 .... 1980 packets received, 7629 bps, 95.36%, Err 39 (9.2e-06)
534.210 .... 1983 packets received, 7610 bps, 95.12%, Err 40 (9.4e-06)
536.263 .... 1995 packets received, 7626 bps, 95.33%, Err 40 (9.3e-06)
538.393 .... 2003 packets received, 7627 bps, 95.33%, Err 40 (9.3e-06)
540.526 .... 2011 packets received, 7627 bps, 95.34%, Err 40 (9.3e-06)
542.634 .... 2019 packets received, 7627 bps, 95.34%, Err 40 (9.2e-06)
546.088 .... 2027 packets received, 7609 bps, 95.11%, Err 41 (9.4e-06)
548.161 .... 2039 packets received, 7625 bps, 95.32%, Err 41 (9.4e-06)
550.296 .... 2047 packets received, 7625 bps, 95.32%, Err 41 (9.3e-06)
552.399 .... 2055 packets received, 7626 bps, 95.33%, Err 41 (9.3e-06)
554.522 .... 2063 packets received, 7626 bps, 95.33%, Err 41 (9.3e-06)
556.650 .... 2071 packets received, 7627 bps, 95.33%, Err 42 (9.4e-06)
558.728 .... 2079 packets received, 7628 bps, 95.35%, Err 42 (9.4e-06)
560.843 .... 2087 packets received, 7628 bps, 95.35%, Err 42 (9.4e-06)
562.948 .... 2095 packets received, 7629 bps, 95.36%, Err 42 (9.3e-06)
565.113 .... 2103 packets received, 7628 bps, 95.36%, Err 42 (9.3e-06)
567.199 .... 2111 packets received, 7629 bps, 95.37%, Err 42 (9.3e-06)
569.305 .... 2119 packets received, 7630 bps, 95.37%, Err 42 (9.2e-06)
571.403 .... 2127 packets received, 7630 bps, 95.38%, Err 42 (9.2e-06)
574.065 .... 2132 packets received, 7613 bps, 95.16%, Err 43 (9.4e-06)
576.156 .... 2144 packets received, 7628 bps, 95.35%, Err 43 (9.3e-06)
578.293 .... 2152 packets received, 7628 bps, 95.35%, Err 43 (9.3e-06)
580.421 .... 2160 packets received, 7628 bps, 95.35%, Err 43 (9.3e-06)
582.541 .... 2168 packets received, 7629 bps, 95.36%, Err 43 (9.2e-06)
584.622 .... 2176 packets received, 7630 bps, 95.37%, Err 43 (9.2e-06)
586.758 .... 2184 packets received, 7630 bps, 95.37%, Err 43 (9.2e-06)
588.830 .... 2192 packets received, 7631 bps, 95.38%, Err 43 (9.1e-06)
590.957 .... 2200 packets received, 7631 bps, 95.39%, Err 44 (9.3e-06)
593.078 .... 2207 packets received, 7628 bps, 95.35%, Err 44 (9.3e-06)
595.189 .... 2215 packets received, 7628 bps, 95.35%, Err 44 (9.3e-06)
598.370 .... 2222 packets received, 7612 bps, 95.15%, Err 45 (9.4e-06)
600.451 .... 2234 packets received, 7626 bps, 95.33%, Err 45 (9.4e-06)
602.605 .... 2242 packets received, 7626 bps, 95.33%, Err 45 (9.3e-06)
604.718 .... 2250 packets received, 7627 bps, 95.33%, Err 45 (9.3e-06)
606.799 .... 2253 packets received, 7611 bps, 95.13%, Err 46 (9.5e-06)
608.956 .... 2265 packets received, 7624 bps, 95.30%, Err 46 (9.5e-06)
611.038 .... 2273 packets received, 7625 bps, 95.31%, Err 46 (9.4e-06)
613.151 .... 2281 packets received, 7625 bps, 95.32%, Err 47 (9.6e-06)
615.282 .... 2288 packets received, 7622 bps, 95.28%, Err 47 (9.6e-06)
618.419 .... 2295 packets received, 7607 bps, 95.08%, Err 48 (9.7e-06)
620.537 .... 2307 packets received, 7620 bps, 95.25%, Err 48 (9.7e-06)
623.163 .... 2312 packets received, 7605 bps, 95.06%, Err 49 (9.8e-06)
625.281 .... 2324 packets received, 7618 bps, 95.23%, Err 49 (9.8e-06)
627.438 .... 2332 packets received, 7618 bps, 95.23%, Err 49 (9.8e-06)
629.556 .... 2340 packets received, 7619 bps, 95.23%, Err 49 (9.7e-06)
631.636 .... 2348 packets received, 7619 bps, 95.24%, Err 49 (9.7e-06)
633.765 .... 2356 packets received, 7620 bps, 95.25%, Err 49 (9.7e-06)
635.856 .... 2364 packets received, 7620 bps, 95.25%, Err 49 (9.6e-06)
638.216 .... 2368 packets received, 7605 bps, 95.06%, Err 50 (9.8e-06)
640.351 .... 2380 packets received, 7618 bps, 95.23%, Err 50 (9.8e-06)
642.480 .... 2388 packets received, 7618 bps, 95.23%, Err 50 (9.7e-06)
644.568 .... 2396 packets received, 7619 bps, 95.24%, Err 50 (9.7e-06)
646.663 .... 2404 packets received, 7620 bps, 95.25%, Err 50 (9.7e-06)
648.795 .... 2412 packets received, 7620 bps, 95.25%, Err 50 (9.6e-06)
650.915 .... 2420 packets received, 7620 bps, 95.25%, Err 50 (9.6e-06)
653.010 .... 2428 packets received, 7621 bps, 95.26%, Err 50 (9.6e-06)
655.142 .... 2436 packets received, 7621 bps, 95.26%, Err 50 (9.6e-06)
657.262 .... 2444 packets received, 7621 bps, 95.27%, Err 50 (9.5e-06)
659.356 .... 2452 packets received, 7622 bps, 95.28%, Err 50 (9.5e-06)
661.455 .... 2460 packets received, 7623 bps, 95.28%, Err 50 (9.5e-06)
663.576 .... 2468 packets received, 7623 bps, 95.29%, Err 50 (9.4e-06)
665.705 .... 2476 packets received, 7623 bps, 95.29%, Err 50 (9.4e-06)
667.818 .... 2484 packets received, 7624 bps, 95.30%, Err 50 (9.4e-06)
669.905 .... 2492 packets received, 7624 bps, 95.30%, Err 50 (9.3e-06)
672.015 .... 2500 packets received, 7625 bps, 95.31%, Err 50 (9.3e-06)
674.163 .... 2508 packets received, 7625 bps, 95.31%, Err 50 (9.3e-06)
676.789 .... 2513 packets received, 7610 bps, 95.13%, Err 51 (9.4e-06)
679.160 .... 2521 packets received, 7608 bps, 95.10%, Err 52 (9.6e-06)
681.303 .... 2533 packets received, 7620 bps, 95.25%, Err 52 (9.6e-06)
683.370 .... 2541 packets received, 7621 bps, 95.26%, Err 52 (9.5e-06)
685.513 .... 2549 packets received, 7621 bps, 95.26%, Err 53 (9.7e-06)
687.609 .... 2556 packets received, 7619 bps, 95.23%, Err 53 (9.6e-06)
689.720 .... 2564 packets received, 7619 bps, 95.24%, Err 53 (9.6e-06)
691.878 .... 2572 packets received, 7619 bps, 95.24%, Err 53 (9.6e-06)
694.466 .... 2577 packets received, 7605 bps, 95.07%, Err 55 (9.9e-06)
696.593 .... 2588 packets received, 7614 bps, 95.18%, Err 55 (9.9e-06)
698.713 .... 2596 packets received, 7615 bps, 95.19%, Err 55 (9.9e-06)
700.809 .... 2603 packets received, 7613 bps, 95.16%, Err 56 (1.0e-05)
702.948 .... 2611 packets received, 7613 bps, 95.16%, Err 56 (1.0e-05)
705.057 .... 2619 packets received, 7613 bps, 95.16%, Err 56 (9.9e-06)
707.160 .... 2627 packets received, 7614 bps, 95.17%, Err 56 (9.9e-06)
709.280 .... 2635 packets received, 7614 bps, 95.18%, Err 56 (9.9e-06)
711.662 .... 2640 packets received, 7603 bps, 95.04%, Err 57 (1.0e-05)
713.769 .... 2651 packets received, 7612 bps, 95.15%, Err 57 (1.0e-05)
715.895 .... 2659 packets received, 7612 bps, 95.15%, Err 57 (1.0e-05)
718.021 .... 2667 packets received, 7613 bps, 95.16%, Err 57 (9.9e-06)
720.122 .... 2675 packets received, 7613 bps, 95.16%, Err 57 (9.9e-06)
722.223 .... 2683 packets received, 7614 bps, 95.17%, Err 57 (9.9e-06)
724.340 .... 2691 packets received, 7614 bps, 95.18%, Err 57 (9.8e-06)
726.450 .... 2699 packets received, 7614 bps, 95.18%, Err 57 (9.8e-06)
729.361 .... 2706 packets received, 7604 bps, 95.05%, Err 58 (1.0e-05)
731.484 .... 2717 packets received, 7612 bps, 95.16%, Err 58 (9.9e-06)
733.600 .... 2725 packets received, 7613 bps, 95.16%, Err 58 (9.9e-06)
735.710 .... 2733 packets received, 7613 bps, 95.17%, Err 58 (9.9e-06)
737.848 .... 2741 packets received, 7613 bps, 95.17%, Err 58 (9.8e-06)
739.944 .... 2749 packets received, 7614 bps, 95.18%, Err 58 (9.8e-06)
742.049 .... 2757 packets received, 7614 bps, 95.18%, Err 58 (9.8e-06)
744.163 .... 2765 packets received, 7615 bps, 95.19%, Err 58 (9.8e-06)
746.249 .... 2773 packets received, 7616 bps, 95.19%, Err 58 (9.7e-06)
748.402 .... 2781 packets received, 7616 bps, 95.19%, Err 58 (9.7e-06)
750.485 .... 2789 packets received, 7616 bps, 95.20%, Err 58 (9.7e-06)
753.434 .... 2795 packets received, 7603 bps, 95.03%, Err 60 (1.0e-05)
755.539 .... 2806 packets received, 7611 bps, 95.14%, Err 60 (9.9e-06)
757.624 .... 2814 packets received, 7612 bps, 95.15%, Err 60 (9.9e-06)
759.763 .... 2822 packets received, 7612 bps, 95.15%, Err 60 (9.9e-06)
761.873 .... 2830 packets received, 7613 bps, 95.16%, Err 60 (9.9e-06)
764.018 .... 2838 packets received, 7613 bps, 95.16%, Err 60 (9.8e-06)
767.423 .... 2846 packets received, 7600 bps, 95.00%, Err 61 (9.9e-06)
769.516 .... 2858 packets received, 7611 bps, 95.14%, Err 61 (9.9e-06)
771.674 .... 2866 packets received, 7611 bps, 95.14%, Err 61 (9.9e-06)
773.754 .... 2874 packets received, 7612 bps, 95.15%, Err 61 (9.9e-06)
775.882 .... 2882 packets received, 7612 bps, 95.15%, Err 62 (1.0e-05)
778.007 .... 2890 packets received, 7613 bps, 95.16%, Err 62 (1.0e-05)
780.075 .... 2898 packets received, 7613 bps, 95.17%, Err 62 (9.9e-06)
782.199 .... 2906 packets received, 7614 bps, 95.17%, Err 62 (9.9e-06)
784.310 .... 2914 packets received, 7614 bps, 95.18%, Err 62 (9.9e-06)
786.417 .... 2922 packets received, 7615 bps, 95.18%, Err 62 (9.9e-06)
788.513 .... 2930 packets received, 7615 bps, 95.19%, Err 62 (9.8e-06)
790.644 .... 2938 packets received, 7615 bps, 95.19%, Err 62 (9.8e-06)
792.749 .... 2946 packets received, 7616 bps, 95.20%, Err 62 (9.8e-06)
794.898 .... 2954 packets received, 7616 bps, 95.20%, Err 62 (9.8e-06)
796.971 .... 2962 packets received, 7617 bps, 95.21%, Err 62 (9.7e-06)
799.103 .... 2970 packets received, 7617 bps, 95.21%, Err 63 (9.9e-06)
801.202 .... 2977 packets received, 7615 bps, 95.18%, Err 63 (9.8e-06)
803.331 .... 2985 packets received, 7615 bps, 95.19%, Err 63 (9.8e-06)
805.459 .... 2993 packets received, 7615 bps, 95.19%, Err 63 (9.8e-06)
807.598 .... 3001 packets received, 7615 bps, 95.19%, Err 63 (9.8e-06)
809.699 .... 3009 packets received, 7616 bps, 95.20%, Err 63 (9.7e-06)
811.826 .... 3017 packets received, 7616 bps, 95.20%, Err 63 (9.7e-06)
813.925 .... 3025 packets received, 7616 bps, 95.21%, Err 63 (9.7e-06)
816.042 .... 3033 packets received, 7617 bps, 95.21%, Err 64 (9.8e-06)
818.142 .... 3040 packets received, 7615 bps, 95.18%, Err 65 (9.9e-06)
820.268 .... 3048 packets received, 7615 bps, 95.19%, Err 65 (9.9e-06)
823.684 .... 3056 packets received, 7603 bps, 95.04%, Err 66 (1.0e-05)
825.853 .... 3068 packets received, 7613 bps, 95.16%, Err 66 (1.0e-05)
827.954 .... 3076 packets received, 7614 bps, 95.17%, Err 66 (1.0e-05)
830.035 .... 3079 packets received, 7602 bps, 95.02%, Err 67 (1.0e-05)
832.132 .... 3091 packets received, 7612 bps, 95.15%, Err 67 (1.0e-05)
834.289 .... 3099 packets received, 7612 bps, 95.15%, Err 67 (1.0e-05)
836.348 .... 3107 packets received, 7613 bps, 95.16%, Err 67 (1.0e-05)
838.512 .... 3115 packets received, 7613 bps, 95.16%, Err 67 (1.0e-05)
840.597 .... 3123 packets received, 7614 bps, 95.17%, Err 67 (1.0e-05)
842.728 .... 3131 packets received, 7614 bps, 95.17%, Err 67 (9.9e-06)
844.832 .... 3139 packets received, 7614 bps, 95.18%, Err 67 (9.9e-06)
846.928 .... 3147 packets received, 7615 bps, 95.18%, Err 67 (9.9e-06)
849.062 .... 3155 packets received, 7615 bps, 95.18%, Err 67 (9.9e-06)
851.159 .... 3163 packets received, 7615 bps, 95.19%, Err 67 (9.9e-06)
853.270 .... 3171 packets received, 7616 bps, 95.20%, Err 67 (9.8e-06)
855.372 .... 3179 packets received, 7616 bps, 95.20%, Err 67 (9.8e-06)
858.017 .... 3184 packets received, 7605 bps, 95.06%, Err 68 (9.9e-06)
860.148 .... 3196 packets received, 7614 bps, 95.18%, Err 69 (1.0e-05)
862.240 .... 3204 packets received, 7615 bps, 95.18%, Err 69 (1.0e-05)
864.354 .... 3212 packets received, 7615 bps, 95.19%, Err 69 (1.0e-05)
866.477 .... 3220 packets received, 7615 bps, 95.19%, Err 69 (1.0e-05)
868.590 .... 3228 packets received, 7616 bps, 95.20%, Err 69 (9.9e-06)
870.700 .... 3236 packets received, 7616 bps, 95.20%, Err 69 (9.9e-06)
872.806 .... 3244 packets received, 7616 bps, 95.21%, Err 69 (9.9e-06)
874.963 .... 3252 packets received, 7616 bps, 95.21%, Err 69 (9.9e-06)
877.043 .... 3260 packets received, 7617 bps, 95.21%, Err 69 (9.8e-06)
879.182 .... 3268 packets received, 7617 bps, 95.21%, Err 69 (9.8e-06)
881.280 .... 3276 packets received, 7618 bps, 95.22%, Err 69 (9.8e-06)
884.748 .... 3284 packets received, 7606 bps, 95.08%, Err 70 (9.9e-06)
886.819 .... 3296 packets received, 7616 bps, 95.20%, Err 70 (9.9e-06)
888.938 .... 3304 packets received, 7616 bps, 95.21%, Err 70 (9.9e-06)
891.053 .... 3312 packets received, 7617 bps, 95.21%, Err 70 (9.8e-06)
893.685 .... 3317 packets received, 7606 bps, 95.07%, Err 71 (9.9e-06)
895.774 .... 3329 packets received, 7616 bps, 95.19%, Err 71 (9.9e-06)
897.929 .... 3337 packets received, 7615 bps, 95.19%, Err 71 (9.9e-06)
900.039 .... 3345 packets received, 7616 bps, 95.20%, Err 72 (1.0e-05)
902.164 .... 3352 packets received, 7614 bps, 95.17%, Err 72 (1.0e-05)
905.569 .... 3360 packets received, 7603 bps, 95.04%, Err 73 (1.0e-05)
907.716 .... 3372 packets received, 7612 bps, 95.15%, Err 73 (1.0e-05)
909.828 .... 3380 packets received, 7613 bps, 95.16%, Err 73 (1.0e-05)
911.919 .... 3388 packets received, 7613 bps, 95.16%, Err 73 (1.0e-05)
914.039 .... 3396 packets received, 7613 bps, 95.17%, Err 73 (1.0e-05)
916.153 .... 3404 packets received, 7614 bps, 95.17%, Err 73 (1.0e-05)
918.266 .... 3412 packets received, 7614 bps, 95.18%, Err 73 (9.9e-06)
920.386 .... 3420 packets received, 7614 bps, 95.18%, Err 73 (9.9e-06)
922.474 .... 3428 packets received, 7615 bps, 95.19%, Err 73 (9.9e-06)
924.618 .... 3436 packets received, 7615 bps, 95.19%, Err 73 (9.9e-06)
928.043 .... 3444 packets received, 7604 bps, 95.06%, Err 75 (1.0e-05)
930.172 .... 3456 packets received, 7614 bps, 95.17%, Err 75 (1.0e-05)
932.261 .... 3464 packets received, 7614 bps, 95.18%, Err 75 (1.0e-05)
934.379 .... 3472 packets received, 7614 bps, 95.18%, Err 75 (1.0e-05)
937.825 .... 3480 packets received, 7604 bps, 95.05%, Err 76 (1.0e-05)
939.916 .... 3492 packets received, 7613 bps, 95.16%, Err 76 (1.0e-05)
942.031 .... 3500 packets received, 7613 bps, 95.17%, Err 76 (1.0e-05)
944.152 .... 3508 packets received, 7614 bps, 95.17%, Err 76 (1.0e-05)
946.274 .... 3516 packets received, 7614 bps, 95.17%, Err 76 (1.0e-05)
948.395 .... 3524 packets received, 7614 bps, 95.18%, Err 76 (1.0e-05)
950.533 .... 3532 packets received, 7614 bps, 95.18%, Err 76 (1.0e-05)
952.625 .... 3539 packets received, 7612 bps, 95.16%, Err 77 (1.0e-05)
954.723 .... 3547 packets received, 7613 bps, 95.16%, Err 77 (1.0e-05)
956.825 .... 3555 packets received, 7613 bps, 95.17%, Err 77 (1.0e-05)
958.989 .... 3563 packets received, 7613 bps, 95.17%, Err 77 (1.0e-05)
961.088 .... 3571 packets received, 7614 bps, 95.17%, Err 77 (1.0e-05)
963.193 .... 3579 packets received, 7614 bps, 95.18%, Err 77 (1.0e-05)
965.282 .... 3587 packets received, 7615 bps, 95.18%, Err 77 (1.0e-05)
967.399 .... 3595 packets received, 7615 bps, 95.18%, Err 77 (1.0e-05)
970.327 .... 3601 packets received, 7604 bps, 95.06%, Err 78 (1.0e-05)
972.408 .... 3613 packets received, 7613 bps, 95.17%, Err 78 (1.0e-05)
974.539 .... 3621 packets received, 7614 bps, 95.17%, Err 78 (1.0e-05)
977.951 .... 3629 packets received, 7604 bps, 95.05%, Err 80 (1.0e-05)
980.096 .... 3640 packets received, 7610 bps, 95.13%, Err 80 (1.0e-05)
983.226 .... 3647 packets received, 7601 bps, 95.01%, Err 81 (1.0e-05)
985.341 .... 3659 packets received, 7609 bps, 95.11%, Err 81 (1.0e-05)
987.481 .... 3667 packets received, 7609 bps, 95.12%, Err 81 (1.0e-05)
989.563 .... 3675 packets received, 7610 bps, 95.12%, Err 81 (1.0e-05)
991.936 .... 3680 packets received, 7602 bps, 95.02%, Err 82 (1.0e-05)
994.061 .... 3691 packets received, 7608 bps, 95.10%, Err 82 (1.0e-05)
996.203 .... 3699 packets received, 7608 bps, 95.11%, Err 82 (1.0e-05)
998.284 .... 3707 packets received, 7609 bps, 95.11%, Err 82 (1.0e-05)
1000.419 .... 3715 packets received, 7609 bps, 95.11%, Err 82 (1.0e-05)
1002.515 .... 3723 packets received, 7610 bps, 95.12%, Err 82 (1.0e-05)
1004.617 .... 3731 packets received, 7610 bps, 95.12%, Err 82 (1.0e-05)
1006.733 .... 3739 packets received, 7610 bps, 95.13%, Err 82 (1.0e-05)
1008.850 .... 3747 packets received, 7610 bps, 95.13%, Err 82 (1.0e-05)
1010.977 .... 3755 packets received, 7611 bps, 95.13%, Err 82 (1.0e-05)
1013.091 .... 3763 packets received, 7611 bps, 95.14%, Err 82 (1.0e-05)
1015.216 .... 3771 packets received, 7611 bps, 95.14%, Err 82 (1.0e-05)
1017.323 .... 3779 packets received, 7612 bps, 95.14%, Err 82 (1.0e-05)
1019.418 .... 3787 packets received, 7612 bps, 95.15%, Err 82 (1.0e-05)
1021.578 .... 3795 packets received, 7612 bps, 95.15%, Err 82 (1.0e-05)
1023.661 .... 3803 packets received, 7612 bps, 95.16%, Err 82 (1.0e-05)
1025.795 .... 3811 packets received, 7613 bps, 95.16%, Err 83 (1.0e-05)
1027.904 .... 3818 packets received, 7611 bps, 95.14%, Err 84 (1.0e-05)
1029.991 .... 3826 packets received, 7611 bps, 95.14%, Err 84 (1.0e-05)
1032.134 .... 3834 packets received, 7611 bps, 95.14%, Err 84 (1.0e-05)
1034.229 .... 3842 packets received, 7612 bps, 95.15%, Err 84 (1.0e-05)
1037.423 .... 3850 packets received, 7604 bps, 95.05%, Err 85 (1.0e-05)
1039.514 .... 3861 packets received, 7611 bps, 95.13%, Err 85 (1.0e-05)
1041.639 .... 3869 packets received, 7611 bps, 95.13%, Err 85 (1.0e-05)
1043.739 .... 3877 packets received, 7611 bps, 95.14%, Err 85 (1.0e-05)
1045.847 .... 3885 packets received, 7611 bps, 95.14%, Err 85 (1.0e-05)
1047.991 .... 3889 packets received, 7604 bps, 95.05%, Err 86 (1.0e-05)
1050.076 .... 3900 packets received, 7610 bps, 95.13%, Err 86 (1.0e-05)
1052.219 .... 3908 packets received, 7610 bps, 95.13%, Err 86 (1.0e-05)
1054.308 .... 3915 packets received, 7609 bps, 95.11%, Err 87 (1.0e-05)
1056.450 .... 3923 packets received, 7609 bps, 95.11%, Err 87 (1.0e-05)
1058.577 .... 3931 packets received, 7609 bps, 95.11%, Err 87 (1.0e-05)
1060.643 .... 3939 packets received, 7610 bps, 95.12%, Err 87 (1.0e-05)
1062.782 .... 3947 packets received, 7610 bps, 95.12%, Err 87 (1.0e-05)
1065.703 .... 3953 packets received, 7600 bps, 95.00%, Err 88 (1.0e-05)
1067.800 .... 3965 packets received, 7608 bps, 95.11%, Err 88 (1.0e-05)
1069.891 .... 3973 packets received, 7609 bps, 95.11%, Err 88 (1.0e-05)
1072.029 .... 3981 packets received, 7609 bps, 95.11%, Err 88 (1.0e-05)
1074.156 .... 3989 packets received, 7609 bps, 95.11%, Err 88 (1.0e-05)
1076.241 .... 3992 packets received, 7600 bps, 95.00%, Err 89 (1.0e-05)
1078.361 .... 4004 packets received, 7608 bps, 95.10%, Err 89 (1.0e-05)
1080.489 .... 4012 packets received, 7608 bps, 95.10%, Err 89 (1.0e-05)
1082.611 .... 4020 packets received, 7608 bps, 95.11%, Err 89 (1.0e-05)
1084.743 .... 4028 packets received, 7609 bps, 95.11%, Err 89 (1.0e-05)
1086.815 .... 4036 packets received, 7609 bps, 95.11%, Err 89 (1.0e-05)
1088.950 .... 4044 packets received, 7609 bps, 95.12%, Err 89 (1.0e-05)
1091.041 .... 4052 packets received, 7610 bps, 95.12%, Err 89 (1.0e-05)
1093.155 .... 4060 packets received, 7610 bps, 95.12%, Err 89 (1.0e-05)
1095.279 .... 4068 packets received, 7610 bps, 95.13%, Err 89 (1.0e-05)
1098.682 .... 4076 packets received, 7601 bps, 95.02%, Err 90 (1.0e-05)
1100.794 .... 4088 packets received, 7609 bps, 95.12%, Err 90 (1.0e-05)
1102.930 .... 4096 packets received, 7609 bps, 95.12%, Err 90 (1.0e-05)
1105.028 .... 4104 packets received, 7610 bps, 95.12%, Err 90 (1.0e-05)
1107.151 .... 4112 packets received, 7610 bps, 95.12%, Err 90 (1.0e-05)
1109.301 .... 4120 packets received, 7610 bps, 95.12%, Err 90 (1.0e-05)
1111.360 .... 4128 packets received, 7611 bps, 95.13%, Err 90 (1.0e-05)
1113.502 .... 4136 packets received, 7611 bps, 95.13%, Err 90 (1.0e-05)
1115.588 .... 4144 packets received, 7611 bps, 95.14%, Err 90 (1.0e-05)
1117.718 .... 4148 packets received, 7604 bps, 95.05%, Err 91 (1.0e-05)
1119.852 .... 4159 packets received, 7610 bps, 95.12%, Err 91 (1.0e-05)
1121.955 .... 4167 packets received, 7610 bps, 95.12%, Err 91 (1.0e-05)
1124.085 .... 4175 packets received, 7610 bps, 95.13%, Err 91 (1.0e-05)
1126.188 .... 4183 packets received, 7610 bps, 95.13%, Err 91 (1.0e-05)
1128.317 .... 4191 packets received, 7611 bps, 95.13%, Err 91 (1.0e-05)
1130.433 .... 4199 packets received, 7611 bps, 95.14%, Err 91 (1.0e-05)
1132.550 .... 4207 packets received, 7611 bps, 95.14%, Err 91 (1.0e-05)
1134.639 .... 4215 packets received, 7611 bps, 95.14%, Err 91 (1.0e-05)
1136.768 .... 4223 packets received, 7612 bps, 95.15%, Err 91 (1.0e-05)
1138.893 .... 4231 packets received, 7612 bps, 95.15%, Err 91 (1.0e-05)
1140.968 .... 4239 packets received, 7612 bps, 95.15%, Err 91 (1.0e-05)
1143.099 .... 4247 packets received, 7612 bps, 95.16%, Err 92 (1.0e-05)
1145.242 .... 4255 packets received, 7613 bps, 95.16%, Err 92 (1.0e-05)
1147.343 .... 4263 packets received, 7613 bps, 95.16%, Err 92 (1.0e-05)
1149.433 .... 4271 packets received, 7613 bps, 95.17%, Err 92 (1.0e-05)
1151.576 .... 4275 packets received, 7606 bps, 95.08%, Err 93 (1.0e-05)
1153.638 .... 4286 packets received, 7612 bps, 95.15%, Err 93 (1.0e-05)
1155.769 .... 4294 packets received, 7612 bps, 95.15%, Err 93 (1.0e-05)
1157.903 .... 4302 packets received, 7612 bps, 95.16%, Err 93 (1.0e-05)
1159.971 .... 4310 packets received, 7613 bps, 95.16%, Err 93 (1.0e-05)
1162.108 .... 4318 packets received, 7613 bps, 95.16%, Err 93 (1.0e-05)
1164.216 .... 4326 packets received, 7613 bps, 95.17%, Err 93 (1.0e-05)
1166.358 .... 4334 packets received, 7613 bps, 95.17%, Err 93 (1.0e-05)
1168.426 .... 4342 packets received, 7614 bps, 95.18%, Err 93 (1.0e-05)
1170.562 .... 4350 packets received, 7614 bps, 95.18%, Err 93 (9.9e-06)
1172.679 .... 4358 packets received, 7614 bps, 95.18%, Err 93 (9.9e-06)
1174.779 .... 4366 packets received, 7615 bps, 95.18%, Err 93 (9.9e-06)
1176.887 .... 4374 packets received, 7615 bps, 95.19%, Err 93 (9.9e-06)
1179.019 .... 4382 packets received, 7615 bps, 95.19%, Err 93 (9.9e-06)
1181.128 .... 4390 packets received, 7615 bps, 95.19%, Err 93 (9.9e-06)
1183.266 .... 4398 packets received, 7615 bps, 95.19%, Err 93 (9.8e-06)
1185.384 .... 4406 packets received, 7616 bps, 95.20%, Err 93 (9.8e-06)
1187.488 .... 4414 packets received, 7616 bps, 95.20%, Err 94 (9.9e-06)
1189.575 .... 4421 packets received, 7615 bps, 95.18%, Err 94 (9.9e-06)
1191.724 .... 4429 packets received, 7615 bps, 95.18%, Err 94 (9.9e-06)
1193.811 .... 4437 packets received, 7615 bps, 95.19%, Err 94 (9.9e-06)
1195.923 .... 4445 packets received, 7615 bps, 95.19%, Err 94 (9.8e-06)
1198.030 .... 4453 packets received, 7616 bps, 95.20%, Err 94 (9.8e-06)
1200.159 .... 4461 packets received, 7616 bps, 95.20%, Err 94 (9.8e-06)
1202.257 .... 4469 packets received, 7616 bps, 95.20%, Err 94 (9.8e-06)
1204.367 .... 4477 packets received, 7616 bps, 95.20%, Err 94 (9.8e-06)
1206.511 .... 4485 packets received, 7616 bps, 95.20%, Err 94 (9.7e-06)
1208.641 .... 4493 packets received, 7617 bps, 95.21%, Err 94 (9.7e-06)
1210.745 .... 4501 packets received, 7617 bps, 95.21%, Err 94 (9.7e-06)
1213.642 .... 4507 packets received, 7609 bps, 95.11%, Err 95 (9.8e-06)
1215.741 .... 4519 packets received, 7616 bps, 95.20%, Err 95 (9.8e-06)
1217.855 .... 4527 packets received, 7616 bps, 95.20%, Err 95 (9.8e-06)
1219.975 .... 4535 packets received, 7616 bps, 95.20%, Err 95 (9.7e-06)
1222.083 .... 4543 packets received, 7617 bps, 95.21%, Err 95 (9.7e-06)
1224.219 .... 4551 packets received, 7617 bps, 95.21%, Err 95 (9.7e-06)
1226.325 .... 4559 packets received, 7617 bps, 95.21%, Err 95 (9.7e-06)
1228.416 .... 4567 packets received, 7617 bps, 95.22%, Err 95 (9.7e-06)
1231.108 .... 4572 packets received, 7609 bps, 95.11%, Err 97 (9.9e-06)
1234.262 .... 4582 packets received, 7606 bps, 95.08%, Err 98 (9.9e-06)
1236.361 .... 4594 packets received, 7613 bps, 95.16%, Err 99 (1.0e-05)
1238.498 .... 4601 packets received, 7612 bps, 95.14%, Err 99 (1.0e-05)
1240.579 .... 4609 packets received, 7612 bps, 95.15%, Err 99 (1.0e-05)
1242.740 .... 4616 packets received, 